> Task :expo-gradle-plugin:expo-autolinking-settings-plugin:checkKotlinGradlePluginConfigurationErrors SKIPPED
> Task :expo-gradle-plugin:expo-autolinking-plugin-shared:checkKotlinGradlePluginConfigurationErrors SKIPPED
> Task :expo-gradle-plugin:expo-autolinking-settings-plugin:pluginDescriptors UP-TO-DATE
> Task :gradle-plugin:shared:checkKotlinGradlePluginConfigurationErrors SKIPPED
> Task :gradle-plugin:settings-plugin:checkKotlinGradlePluginConfigurationErrors SKIPPED
> Task :gradle-plugin:settings-plugin:pluginDescriptors UP-TO-DATE
> Task :expo-gradle-plugin:expo-autolinking-settings-plugin:processResources UP-TO-DATE
> Task :gradle-plugin:settings-plugin:processResources UP-TO-DATE
> Task :gradle-plugin:shared:compileKotlin UP-TO-DATE
> Task :expo-gradle-plugin:expo-autolinking-plugin-shared:compileKotlin UP-TO-DATE
> Task :gradle-plugin:shared:compileJava NO-SOURCE
> Task :expo-gradle-plugin:expo-autolinking-plugin-shared:compileJava NO-SOURCE
> Task :gradle-plugin:shared:processResources NO-SOURCE
> Task :gradle-plugin:shared:classes UP-TO-DATE
> Task :expo-gradle-plugin:expo-autolinking-plugin-shared:processResources NO-SOURCE
> Task :expo-gradle-plugin:expo-autolinking-plugin-shared:classes UP-TO-DATE
> Task :gradle-plugin:shared:jar UP-TO-DATE
> Task :expo-gradle-plugin:expo-autolinking-plugin-shared:jar UP-TO-DATE
> Task :gradle-plugin:settings-plugin:compileKotlin UP-TO-DATE
> Task :gradle-plugin:settings-plugin:compileJava NO-SOURCE
> Task :gradle-plugin:settings-plugin:classes UP-TO-DATE
> Task :gradle-plugin:settings-plugin:jar UP-TO-DATE
> Task :expo-gradle-plugin:expo-autolinking-settings-plugin:compileKotlin UP-TO-DATE
> Task :expo-gradle-plugin:expo-autolinking-settings-plugin:compileJava NO-SOURCE
> Task :expo-gradle-plugin:expo-autolinking-settings-plugin:classes UP-TO-DATE
> Task :expo-gradle-plugin:expo-autolinking-settings-plugin:jar UP-TO-DATE
> Task :expo-gradle-plugin:expo-autolinking-plugin:checkKotlinGradlePluginConfigurationErrors SKIPPED
> Task :gradle-plugin:react-native-gradle-plugin:checkKotlinGradlePluginConfigurationErrors SKIPPED
> Task :expo-module-gradle-plugin:checkKotlinGradlePluginConfigurationErrors SKIPPED
> Task :expo-module-gradle-plugin:pluginDescriptors UP-TO-DATE
> Task :expo-module-gradle-plugin:processResources UP-TO-DATE
> Task :expo-gradle-plugin:expo-autolinking-plugin:compileKotlin UP-TO-DATE
> Task :gradle-plugin:react-native-gradle-plugin:compileKotlin UP-TO-DATE
> Task :expo-gradle-plugin:expo-autolinking-plugin:compileJava NO-SOURCE
> Task :gradle-plugin:react-native-gradle-plugin:compileJava NO-SOURCE
> Task :expo-gradle-plugin:expo-autolinking-plugin:pluginDescriptors UP-TO-DATE
> Task :gradle-plugin:react-native-gradle-plugin:pluginDescriptors UP-TO-DATE
> Task :expo-gradle-plugin:expo-autolinking-plugin:processResources UP-TO-DATE
> Task :gradle-plugin:react-native-gradle-plugin:processResources UP-TO-DATE
> Task :expo-gradle-plugin:expo-autolinking-plugin:classes UP-TO-DATE
> Task :gradle-plugin:react-native-gradle-plugin:classes UP-TO-DATE
> Task :gradle-plugin:react-native-gradle-plugin:jar UP-TO-DATE
> Task :expo-gradle-plugin:expo-autolinking-plugin:jar UP-TO-DATE
> Task :expo-module-gradle-plugin:compileKotlin UP-TO-DATE
> Task :expo-module-gradle-plugin:compileJava NO-SOURCE
> Task :expo-module-gradle-plugin:classes UP-TO-DATE
> Task :expo-module-gradle-plugin:jar UP-TO-DATE

> Configure project :
[32m[ExpoRootProject][0m Using the following versions:
  - buildTools:  [32m35.0.0[0m
  - minSdk:      [32m24[0m
  - compileSdk:  [32m35[0m
  - targetSdk:   [32m35[0m
  - ndk:         [32m26.3.11579264[0m
  - kotlin:      [32m2.1.20[0m
  - ksp:         [32m2.1.20-2.0.1[0m

> Configure project :expo

Using expo modules
  - [32mexpo-constants[0m (18.0.12)
  - [32mexpo-modules-core[0m (3.0.29)
  - [33m[📦][0m [32mexpo-application[0m (7.0.8)
  - [33m[📦][0m [32mexpo-asset[0m (12.0.12)
  - [33m[📦][0m [32mexpo-device[0m (8.0.10)
  - [33m[📦][0m [32mexpo-file-system[0m (19.0.21)
  - [33m[📦][0m [32mexpo-font[0m (14.0.10)
  - [33m[📦][0m [32mexpo-haptics[0m (15.0.8)
  - [33m[📦][0m [32mexpo-image[0m (3.0.11)
  - [33m[📦][0m [32mexpo-image-loader[0m (6.0.0)
  - [33m[📦][0m [32mexpo-image-picker[0m (17.0.10)
  - [33m[📦][0m [32mexpo-keep-awake[0m (15.0.8)
  - [33m[📦][0m [32mexpo-linear-gradient[0m (15.0.8)
  - [33m[📦][0m [32mexpo-linking[0m (8.0.11)
  - [33m[📦][0m [32mexpo-location[0m (19.0.8)
  - [33m[📦][0m [32mexpo-notifications[0m (0.32.15)
  - [33m[📦][0m [32mexpo-secure-store[0m (15.0.8)
  - [33m[📦][0m [32mexpo-splash-screen[0m (31.0.13)
  - [33m[📦][0m [32mexpo-system-ui[0m (6.0.9)
  - [33m[📦][0m [32mexpo-web-browser[0m (15.0.10)


> Task :react-native-worklets:cleanCmakeCache
> Task :react-native-reanimated:cleanCmakeCache
> Task :react-native-worklets:externalNativeBuildCleanDebug
> Task :app:externalNativeBuildCleanDebug
> Task :react-native-worklets:externalNativeBuildCleanRelease
> Task :react-native-reanimated:externalNativeBuildCleanDebug
> Task :app:externalNativeBuildCleanDebugOptimized
> Task :react-native-gesture-handler:externalNativeBuildCleanDebug
> Task :react-native-reanimated:externalNativeBuildCleanRelease
> Task :app:externalNativeBuildCleanRelease
> Task :react-native-gesture-handler:externalNativeBuildCleanRelease
> Task :app:clean
> Task :app:checkKotlinGradlePluginConfigurationErrors SKIPPED
> Task :expo-constants:clean
> Task :expo-constants:checkKotlinGradlePluginConfigurationErrors SKIPPED
> Task :expo:clean
> Task :expo:checkKotlinGradlePluginConfigurationErrors SKIPPED
> Task :react-native-gesture-handler:clean
> Task :react-native-gesture-handler:checkKotlinGradlePluginConfigurationErrors SKIPPED
> Task :react-native-maps:clean
> Task :react-native-maps:preBuild UP-TO-DATE
> Task :react-native-maps:preDebugBuild UP-TO-DATE
> Task :react-native-async-storage_async-storage:clean
> Task :react-native-reanimated:clean
> Task :react-native-worklets:clean

> Task :expo-modules-core:externalNativeBuildCleanDebug
Clean fabric-arm64-v8a, expo-modules-core-arm64-v8a

> Task :expo-modules-core:externalNativeBuildCleanRelease
> Task :react-native-pager-view:clean

> Task :react-native-screens:externalNativeBuildCleanDebug
Clean rnscreens-arm64-v8a

> Task :react-native-pager-view:checkKotlinGradlePluginConfigurationErrors SKIPPED
> Task :react-native-screens:externalNativeBuildCleanRelease
> Task :react-native-maps:writeDebugAarMetadata
> Task :react-native-maps:generateDebugResValues
> Task :app:generateAutolinkingNewArchitectureFiles
> Task :react-native-safe-area-context:clean
> Task :app:generateAutolinkingPackageList
> Task :app:generateCodegenSchemaFromJavaScript SKIPPED
> Task :react-native-maps:generateDebugResources
> Task :app:generateCodegenArtifactsFromSchema SKIPPED
> Task :app:generateReactNativeEntryPoint
> Task :app:processDebugGoogleServices
> Task :react-native-maps:packageDebugResources
> Task :react-native-maps:extractDeepLinksDebug
> Task :react-native-maps:compileDebugLibraryResources
> Task :react-native-maps:processDebugManifest
> Task :react-native-screens:clean
> Task :react-native-reanimated:assertMinimalReactNativeVersionTask
> Task :react-native-worklets:assertMinimalReactNativeVersionTask
> Task :react-native-reanimated:assertNewArchitectureEnabledTask SKIPPED
> Task :react-native-worklets:assertNewArchitectureEnabledTask SKIPPED
> Task :react-native-reanimated:assertWorkletsVersionTask

> Task :expo-constants:createExpoConfig
env: load .env
env: export EXPO_PUBLIC_SUPABASE_URL EXPO_PUBLIC_SUPABASE_ANON_KEY

> Task :expo-constants:preBuild
> Task :expo-constants:preDebugBuild
> Task :expo-constants:writeDebugAarMetadata
> Task :expo-constants:generateDebugResValues
> Task :expo-constants:generateDebugResources
> Task :expo-constants:packageDebugResources
> Task :expo-constants:extractDeepLinksDebug
> Task :react-native-pager-view:generateCodegenSchemaFromJavaScript
> Task :react-native-gesture-handler:generateCodegenSchemaFromJavaScript
> Task :expo-constants:compileDebugLibraryResources
> Task :expo-constants:processDebugManifest
> Task :react-native-safe-area-context:generateCodegenSchemaFromJavaScript
> Task :react-native-async-storage_async-storage:generateCodegenSchemaFromJavaScript
> Task :react-native-worklets:generateCodegenSchemaFromJavaScript
> Task :react-native-screens:generateCodegenSchemaFromJavaScript
> Task :expo-modules-core:clean
> Task :expo-modules-core:preBuild UP-TO-DATE
> Task :expo-modules-core:preDebugBuild UP-TO-DATE
> Task :expo-modules-core:generateDebugResValues
> Task :expo-modules-core:generateDebugResources
> Task :expo-modules-core:packageDebugResources
> Task :expo-modules-core:extractDeepLinksDebug
> Task :expo-modules-core:writeDebugAarMetadata

> Task :expo-modules-core:processDebugManifest
C:\Users\jean antony\Desktop\app\nawi-delivery\node_modules\expo-modules-core\android\src\main\AndroidManifest.xml:8:9-11:45 Warning:
	meta-data#com.facebook.soloader.enabled@android:value was tagged at AndroidManifest.xml:8 to replace other declarations but no other declaration present

> Task :expo:generatePackagesList
> Task :expo:preBuild
> Task :expo:preDebugBuild
> Task :react-native-reanimated:generateCodegenSchemaFromJavaScript
> Task :react-native-pager-view:generateCodegenArtifactsFromSchema
> Task :react-native-pager-view:preBuild
> Task :react-native-pager-view:preDebugBuild
> Task :expo:writeDebugAarMetadata
> Task :react-native-async-storage_async-storage:generateCodegenArtifactsFromSchema
> Task :react-native-async-storage_async-storage:preBuild
> Task :react-native-async-storage_async-storage:preDebugBuild
> Task :react-native-gesture-handler:generateCodegenArtifactsFromSchema
> Task :react-native-gesture-handler:preBuild
> Task :react-native-gesture-handler:preDebugBuild
> Task :react-native-safe-area-context:generateCodegenArtifactsFromSchema
> Task :react-native-safe-area-context:preBuild
> Task :expo:generateDebugResValues
> Task :react-native-safe-area-context:preDebugBuild
> Task :react-native-async-storage_async-storage:writeDebugAarMetadata
> Task :react-native-pager-view:writeDebugAarMetadata
> Task :react-native-gesture-handler:writeDebugAarMetadata
> Task :expo-modules-core:compileDebugLibraryResources
> Task :expo:generateDebugResources
> Task :react-native-async-storage_async-storage:generateDebugResValues
> Task :react-native-safe-area-context:writeDebugAarMetadata
> Task :react-native-pager-view:generateDebugResValues
> Task :react-native-safe-area-context:generateDebugResValues
> Task :expo-modules-core:checkKotlinGradlePluginConfigurationErrors SKIPPED
> Task :react-native-gesture-handler:generateDebugResValues
> Task :react-native-safe-area-context:generateDebugResources
> Task :react-native-pager-view:generateDebugResources
> Task :expo-constants:parseDebugLocalResources
> Task :react-native-maps:parseDebugLocalResources
> Task :expo-modules-core:parseDebugLocalResources
> Task :react-native-gesture-handler:generateDebugResources
> Task :react-native-async-storage_async-storage:generateDebugResources
> Task :expo-modules-core:generateDebugBuildConfig
> Task :expo-constants:generateDebugBuildConfig
> Task :react-native-maps:generateDebugBuildConfig
> Task :react-native-maps:javaPreCompileDebug
> Task :expo-constants:javaPreCompileDebug
> Task :expo-modules-core:javaPreCompileDebug
> Task :expo-modules-core:generateDebugRFile
> Task :expo-constants:generateDebugRFile
> Task :expo:packageDebugResources
> Task :react-native-maps:generateDebugRFile
> Task :expo-constants:mergeDebugShaders
> Task :react-native-maps:mergeDebugShaders
> Task :expo-modules-core:mergeDebugShaders
> Task :expo-constants:compileDebugShaders NO-SOURCE
> Task :expo-constants:generateDebugAssets UP-TO-DATE
> Task :expo:extractDeepLinksDebug
> Task :react-native-safe-area-context:packageDebugResources
> Task :react-native-gesture-handler:packageDebugResources
> Task :react-native-pager-view:packageDebugResources
> Task :react-native-async-storage_async-storage:packageDebugResources
> Task :expo-constants:mergeDebugAssets
> Task :react-native-safe-area-context:extractDeepLinksDebug
> Task :react-native-gesture-handler:extractDeepLinksDebug
> Task :react-native-pager-view:extractDeepLinksDebug
> Task :react-native-async-storage_async-storage:extractDeepLinksDebug
> Task :expo:compileDebugLibraryResources
> Task :expo-constants:mergeDebugJniLibFolders
> Task :expo-constants:mergeDebugNativeLibs NO-SOURCE
> Task :expo:processDebugManifest
> Task :expo-constants:copyDebugJniLibsProjectOnly
> Task :expo:parseDebugLocalResources
> Task :react-native-safe-area-context:compileDebugLibraryResources
> Task :expo:generateDebugBuildConfig

> Task :react-native-safe-area-context:processDebugManifest
package="com.th3rdwave.safeareacontext" found in source AndroidManifest.xml: C:\Users\jean antony\Desktop\app\nawi-delivery\node_modules\react-native-safe-area-context\android\src\main\AndroidManifest.xml.
Setting the namespace via the package attribute in the source AndroidManifest.xml is no longer supported, and the value is ignored.
Recommendation: remove package="com.th3rdwave.safeareacontext" from the source AndroidManifest.xml: C:\Users\jean antony\Desktop\app\nawi-delivery\node_modules\react-native-safe-area-context\android\src\main\AndroidManifest.xml.

> Task :react-native-async-storage_async-storage:compileDebugLibraryResources
> Task :react-native-gesture-handler:compileDebugLibraryResources

> Task :react-native-async-storage_async-storage:processDebugManifest
package="com.reactnativecommunity.asyncstorage" found in source AndroidManifest.xml: C:\Users\jean antony\Desktop\app\nawi-delivery\node_modules\@react-native-async-storage\async-storage\android\src\main\AndroidManifest.xml.
Setting the namespace via the package attribute in the source AndroidManifest.xml is no longer supported, and the value is ignored.
Recommendation: remove package="com.reactnativecommunity.asyncstorage" from the source AndroidManifest.xml: C:\Users\jean antony\Desktop\app\nawi-delivery\node_modules\@react-native-async-storage\async-storage\android\src\main\AndroidManifest.xml.

> Task :react-native-safe-area-context:checkKotlinGradlePluginConfigurationErrors SKIPPED
> Task :react-native-pager-view:compileDebugLibraryResources
> Task :expo-constants:stripDebugDebugSymbols NO-SOURCE
> Task :react-native-safe-area-context:parseDebugLocalResources
> Task :react-native-gesture-handler:processDebugManifest
> Task :react-native-async-storage_async-storage:parseDebugLocalResources
> Task :react-native-safe-area-context:generateDebugBuildConfig
> Task :react-native-gesture-handler:parseDebugLocalResources
> Task :react-native-pager-view:processDebugManifest
> Task :expo:javaPreCompileDebug
> Task :react-native-pager-view:parseDebugLocalResources
> Task :expo:generateDebugRFile
> Task :react-native-worklets:generateCodegenArtifactsFromSchema
> Task :react-native-gesture-handler:generateDebugBuildConfig
> Task :expo-constants:copyDebugJniLibsProjectAndLocalJars
> Task :expo-constants:extractDeepLinksForAarDebug UP-TO-DATE
> Task :expo:mergeDebugShaders
> Task :expo-constants:prepareDebugArtProfile UP-TO-DATE
> Task :react-native-async-storage_async-storage:generateDebugBuildConfig
> Task :expo:compileDebugShaders NO-SOURCE
> Task :expo:generateDebugAssets UP-TO-DATE
> Task :expo-constants:prepareLintJarForPublish UP-TO-DATE
> Task :react-native-pager-view:generateDebugBuildConfig
> Task :expo:mergeDebugAssets
> Task :react-native-gesture-handler:javaPreCompileDebug
> Task :expo:mergeDebugJniLibFolders
> Task :expo:mergeDebugNativeLibs NO-SOURCE
> Task :react-native-async-storage_async-storage:javaPreCompileDebug
> Task :react-native-safe-area-context:javaPreCompileDebug
> Task :react-native-async-storage_async-storage:generateDebugRFile
> Task :react-native-pager-view:javaPreCompileDebug
> Task :react-native-async-storage_async-storage:mergeDebugShaders
> Task :react-native-gesture-handler:mergeDebugShaders
> Task :expo:stripDebugDebugSymbols NO-SOURCE
> Task :react-native-gesture-handler:compileDebugShaders NO-SOURCE
> Task :react-native-gesture-handler:generateDebugAssets UP-TO-DATE
> Task :expo:copyDebugJniLibsProjectOnly
> Task :react-native-safe-area-context:generateDebugRFile
> Task :react-native-gesture-handler:generateDebugRFile
> Task :react-native-safe-area-context:mergeDebugShaders
> Task :react-native-pager-view:mergeDebugShaders
> Task :react-native-pager-view:compileDebugShaders NO-SOURCE
> Task :react-native-pager-view:generateDebugAssets UP-TO-DATE
> Task :expo:copyDebugJniLibsProjectAndLocalJars
> Task :expo:extractDeepLinksForAarDebug UP-TO-DATE
> Task :react-native-gesture-handler:mergeDebugAssets
> Task :expo:prepareDebugArtProfile UP-TO-DATE
> Task :expo:prepareLintJarForPublish UP-TO-DATE
> Task :react-native-pager-view:mergeDebugAssets
> Task :react-native-pager-view:generateDebugRFile
> Task :react-native-gesture-handler:mergeDebugJniLibFolders
> Task :react-native-gesture-handler:extractDeepLinksForAarDebug UP-TO-DATE
> Task :react-native-gesture-handler:prepareDebugArtProfile UP-TO-DATE
> Task :react-native-gesture-handler:prepareLintJarForPublish UP-TO-DATE
> Task :react-native-pager-view:mergeDebugJniLibFolders
> Task :react-native-screens:generateCodegenArtifactsFromSchema
> Task :react-native-screens:preBuild
> Task :react-native-screens:preDebugBuild
> Task :react-native-screens:writeDebugAarMetadata
> Task :react-native-screens:generateDebugResValues
> Task :react-native-screens:generateDebugResources
> Task :react-native-worklets:prepareWorkletsHeadersForPrefabs
> Task :react-native-worklets:preBuild
> Task :react-native-worklets:preDebugBuild
> Task :react-native-worklets:writeDebugAarMetadata
> Task :react-native-worklets:generateDebugResValues
> Task :react-native-worklets:generateDebugResources
> Task :react-native-reanimated:generateCodegenArtifactsFromSchema
> Task :react-native-worklets:packageDebugResources
> Task :react-native-worklets:extractDeepLinksDebug
> Task :react-native-worklets:compileDebugLibraryResources
> Task :react-native-worklets:processDebugManifest
> Task :react-native-screens:packageDebugResources
> Task :react-native-worklets:parseDebugLocalResources
> Task :react-native-worklets:generateDebugBuildConfig
> Task :react-native-screens:extractDeepLinksDebug
> Task :react-native-worklets:javaPreCompileDebug
> Task :react-native-worklets:generateDebugRFile
> Task :react-native-worklets:mergeDebugShaders
> Task :react-native-screens:checkKotlinGradlePluginConfigurationErrors SKIPPED
> Task :react-native-screens:processDebugManifest
> Task :react-native-screens:generateDebugBuildConfig
> Task :react-native-screens:javaPreCompileDebug
> Task :react-native-screens:mergeDebugShaders
> Task :react-native-screens:compileDebugShaders NO-SOURCE
> Task :react-native-screens:generateDebugAssets UP-TO-DATE
> Task :react-native-screens:compileDebugLibraryResources
> Task :react-native-screens:mergeDebugAssets
> Task :react-native-screens:parseDebugLocalResources
> Task :react-native-screens:configureCMakeDebug[arm64-v8a]
> Task :react-native-screens:generateDebugRFile
> Task :react-native-reanimated:prepareReanimatedHeadersForPrefabs
> Task :react-native-reanimated:preBuild
> Task :react-native-reanimated:preDebugBuild
> Task :app:preBuild
> Task :app:preDebugBuild
> Task :app:mergeDebugNativeDebugMetadata NO-SOURCE
> Task :react-native-reanimated:writeDebugAarMetadata
> Task :react-native-reanimated:generateDebugResValues
> Task :app:generateDebugBuildConfig
> Task :react-native-reanimated:generateDebugResources
> Task :app:generateDebugResValues
> Task :react-native-reanimated:packageDebugResources
> Task :react-native-reanimated:extractDeepLinksDebug
> Task :app:generateDebugResources
> Task :app:checkDebugAarMetadata
> Task :app:mapDebugSourceSetPaths
> Task :react-native-reanimated:compileDebugLibraryResources
> Task :react-native-reanimated:processDebugManifest
> Task :react-native-reanimated:parseDebugLocalResources
> Task :react-native-reanimated:generateDebugBuildConfig
> Task :react-native-reanimated:javaPreCompileDebug
> Task :react-native-reanimated:generateDebugRFile
> Task :react-native-reanimated:mergeDebugShaders
> Task :react-native-reanimated:compileDebugShaders NO-SOURCE
> Task :react-native-reanimated:generateDebugAssets UP-TO-DATE
> Task :react-native-reanimated:mergeDebugAssets
> Task :react-native-reanimated:processDebugJavaRes NO-SOURCE
> Task :react-native-reanimated:mergeDebugJniLibFolders
> Task :react-native-reanimated:extractDeepLinksForAarDebug UP-TO-DATE
> Task :react-native-reanimated:prepareDebugArtProfile UP-TO-DATE
> Task :react-native-reanimated:prepareLintJarForPublish UP-TO-DATE
> Task :react-native-reanimated:mergeDebugJavaResource
> Task :react-native-pager-view:mergeDebugNativeLibs NO-SOURCE
> Task :react-native-pager-view:stripDebugDebugSymbols NO-SOURCE
> Task :react-native-pager-view:copyDebugJniLibsProjectOnly
> Task :react-native-pager-view:copyDebugJniLibsProjectAndLocalJars
> Task :react-native-pager-view:extractDeepLinksForAarDebug UP-TO-DATE
> Task :react-native-pager-view:prepareDebugArtProfile UP-TO-DATE
> Task :react-native-pager-view:prepareLintJarForPublish UP-TO-DATE
> Task :react-native-safe-area-context:compileDebugShaders NO-SOURCE
> Task :react-native-safe-area-context:generateDebugAssets UP-TO-DATE
> Task :react-native-safe-area-context:mergeDebugAssets
> Task :react-native-safe-area-context:mergeDebugJniLibFolders
> Task :react-native-safe-area-context:mergeDebugNativeLibs NO-SOURCE
> Task :react-native-safe-area-context:stripDebugDebugSymbols NO-SOURCE
> Task :react-native-safe-area-context:copyDebugJniLibsProjectOnly
> Task :react-native-safe-area-context:copyDebugJniLibsProjectAndLocalJars
> Task :react-native-safe-area-context:extractDeepLinksForAarDebug UP-TO-DATE
> Task :react-native-safe-area-context:prepareDebugArtProfile UP-TO-DATE
> Task :react-native-safe-area-context:prepareLintJarForPublish UP-TO-DATE
> Task :expo-modules-core:compileDebugShaders NO-SOURCE
> Task :expo-modules-core:generateDebugAssets UP-TO-DATE
> Task :expo-modules-core:mergeDebugAssets
> Task :expo-modules-core:configureCMakeDebug[arm64-v8a]

> Task :react-native-pager-view:compileDebugKotlin
w: file:///C:/Users/jean%20antony/Desktop/app/nawi-delivery/node_modules/react-native-pager-view/android/src/main/java/com/reactnativepagerview/PagerViewViewManager.kt:10:8 'object MapBuilder : Any' is deprecated. Use Kotlin's built-in collections extensions.
w: file:///C:/Users/jean%20antony/Desktop/app/nawi-delivery/node_modules/react-native-pager-view/android/src/main/java/com/reactnativepagerview/PagerViewViewManager.kt:41:19 'fun receiveCommand(view: NestedScrollableHost, commandName: String, args: ReadableArray?): Unit' is deprecated. args is not nullable, please update your method signature.
w: file:///C:/Users/jean%20antony/Desktop/app/nawi-delivery/node_modules/react-native-pager-view/android/src/main/java/com/reactnativepagerview/PagerViewViewManager.kt:91:26 The corresponding parameter in the supertype 'PagerViewViewManager' is named 'parent'. This may cause problems when calling this function with named arguments.
w: file:///C:/Users/jean%20antony/Desktop/app/nawi-delivery/node_modules/react-native-pager-view/android/src/main/java/com/reactnativepagerview/PagerViewViewManager.kt:204:16 'object MapBuilder : Any' is deprecated. Use Kotlin's built-in collections extensions.
w: file:///C:/Users/jean%20antony/Desktop/app/nawi-delivery/node_modules/react-native-pager-view/android/src/main/java/com/reactnativepagerview/PagerViewViewManager.kt:205:45 'object MapBuilder : Any' is deprecated. Use Kotlin's built-in collections extensions.
w: file:///C:/Users/jean%20antony/Desktop/app/nawi-delivery/node_modules/react-native-pager-view/android/src/main/java/com/reactnativepagerview/PagerViewViewManager.kt:206:57 'object MapBuilder : Any' is deprecated. Use Kotlin's built-in collections extensions.
w: file:///C:/Users/jean%20antony/Desktop/app/nawi-delivery/node_modules/react-native-pager-view/android/src/main/java/com/reactnativepagerview/PagerViewViewManager.kt:207:47 'object MapBuilder : Any' is deprecated. Use Kotlin's built-in collections extensions.
w: file:///C:/Users/jean%20antony/Desktop/app/nawi-delivery/node_modules/react-native-pager-view/android/src/main/java/com/reactnativepagerview/PagerViewViewPackage.kt:10:18 This declaration overrides a deprecated member but is not marked as deprecated itself. Add the '@Deprecated' annotation or suppress the diagnostic.
w: file:///C:/Users/jean%20antony/Desktop/app/nawi-delivery/node_modules/react-native-pager-view/android/src/main/java/com/reactnativepagerview/event/PageScrollEvent.kt:6:8 'interface RCTEventEmitter : JavaScriptModule' is deprecated. Use [RCTModernEventEmitter] instead.
w: file:///C:/Users/jean%20antony/Desktop/app/nawi-delivery/node_modules/react-native-pager-view/android/src/main/java/com/reactnativepagerview/event/PageScrollEvent.kt:21:82 'constructor<T : Event<T>>(viewTag: Int): Event<T>' is deprecated. Use constructor with explicit surfaceId instead.
w: file:///C:/Users/jean%20antony/Desktop/app/nawi-delivery/node_modules/react-native-pager-view/android/src/main/java/com/reactnativepagerview/event/PageScrollEvent.kt:27:18 This declaration overrides a deprecated member but is not marked as deprecated itself. Add the '@Deprecated' annotation or suppress the diagnostic.
w: file:///C:/Users/jean%20antony/Desktop/app/nawi-delivery/node_modules/react-native-pager-view/android/src/main/java/com/reactnativepagerview/event/PageScrollEvent.kt:27:44 'interface RCTEventEmitter : JavaScriptModule' is deprecated. Use [RCTModernEventEmitter] instead.
w: file:///C:/Users/jean%20antony/Desktop/app/nawi-delivery/node_modules/react-native-pager-view/android/src/main/java/com/reactnativepagerview/event/PageScrollEvent.kt:28:25 'fun receiveEvent(targetTag: Int, eventName: String, params: WritableMap?): Unit' is deprecated. Use [RCTModernEventEmitter.receiveEvent] instead.
w: file:///C:/Users/jean%20antony/Desktop/app/nawi-delivery/node_modules/react-native-pager-view/android/src/main/java/com/reactnativepagerview/event/PageScrollStateChangedEvent.kt:6:8 'interface RCTEventEmitter : JavaScriptModule' is deprecated. Use [RCTModernEventEmitter] instead.
w: file:///C:/Users/jean%20antony/Desktop/app/nawi-delivery/node_modules/react-native-pager-view/android/src/main/java/com/reactnativepagerview/event/PageScrollStateChangedEvent.kt:15:89 'constructor<T : Event<T>>(viewTag: Int): Event<T>' is deprecated. Use constructor with explicit surfaceId instead.
w: file:///C:/Users/jean%20antony/Desktop/app/nawi-delivery/node_modules/react-native-pager-view/android/src/main/java/com/reactnativepagerview/event/PageScrollStateChangedEvent.kt:20:18 This declaration overrides a deprecated member but is not marked as deprecated itself. Add the '@Deprecated' annotation or suppress the diagnostic.
w: file:///C:/Users/jean%20antony/Desktop/app/nawi-delivery/node_modules/react-native-pager-view/android/src/main/java/com/reactnativepagerview/event/PageScrollStateChangedEvent.kt:20:44 'interface RCTEventEmitter : JavaScriptModule' is deprecated. Use [RCTModernEventEmitter] instead.
w: file:///C:/Users/jean%20antony/Desktop/app/nawi-delivery/node_modules/react-native-pager-view/android/src/main/java/com/reactnativepagerview/event/PageScrollStateChangedEvent.kt:21:25 'fun receiveEvent(targetTag: Int, eventName: String, params: WritableMap?): Unit' is deprecated. Use [RCTModernEventEmitter.receiveEvent] instead.
w: file:///C:/Users/jean%20antony/Desktop/app/nawi-delivery/node_modules/react-native-pager-view/android/src/main/java/com/reactnativepagerview/event/PageSelectedEvent.kt:6:8 'interface RCTEventEmitter : JavaScriptModule' is deprecated. Use [RCTModernEventEmitter] instead.
w: file:///C:/Users/jean%20antony/Desktop/app/nawi-delivery/node_modules/react-native-pager-view/android/src/main/java/com/reactnativepagerview/event/PageSelectedEvent.kt:15:69 'constructor<T : Event<T>>(viewTag: Int): Event<T>' is deprecated. Use constructor with explicit surfaceId instead.
w: file:///C:/Users/jean%20antony/Desktop/app/nawi-delivery/node_modules/react-native-pager-view/android/src/main/java/com/reactnativepagerview/event/PageSelectedEvent.kt:24:18 This declaration overrides a deprecated member but is not marked as deprecated itself. Add the '@Deprecated' annotation or suppress the diagnostic.
w: file:///C:/Users/jean%20antony/Desktop/app/nawi-delivery/node_modules/react-native-pager-view/android/src/main/java/com/reactnativepagerview/event/PageSelectedEvent.kt:24:44 'interface RCTEventEmitter : JavaScriptModule' is deprecated. Use [RCTModernEventEmitter] instead.
w: file:///C:/Users/jean%20antony/Desktop/app/nawi-delivery/node_modules/react-native-pager-view/android/src/main/java/com/reactnativepagerview/event/PageSelectedEvent.kt:25:25 'fun receiveEvent(targetTag: Int, eventName: String, params: WritableMap?): Unit' is deprecated. Use [RCTModernEventEmitter.receiveEvent] instead.

> Task :react-native-safe-area-context:compileDebugKotlin
w: file:///C:/Users/jean%20antony/Desktop/app/nawi-delivery/node_modules/react-native-safe-area-context/android/src/main/java/com/th3rdwave/safeareacontext/SafeAreaView.kt:59:23 'val uiImplementation: UIImplementation!' is deprecated. Deprecated in Java.

> Task :app:packageDebugResources
> Task :app:parseDebugLocalResources
> Task :app:createDebugCompatibleScreenManifests
> Task :app:extractDeepLinksDebug

> Task :react-native-async-storage_async-storage:compileDebugJavaWithJavac

> Task :app:mergeDebugResources

> Task :react-native-maps:compileDebugJavaWithJavac

> Task :react-native-pager-view:compileDebugJavaWithJavac
> Task :react-native-pager-view:processDebugJavaRes
> Task :react-native-safe-area-context:compileDebugJavaWithJavac
> Task :react-native-safe-area-context:processDebugJavaRes
> Task :react-native-pager-view:extractDebugAnnotations

> Task :react-native-worklets:compileDebugJavaWithJavac

> Task :react-native-pager-view:mergeDebugGeneratedProguardFiles UP-TO-DATE
> Task :react-native-pager-view:mergeDebugConsumerProguardFiles UP-TO-DATE
> Task :react-native-pager-view:bundleLibRuntimeToJarDebug
> Task :react-native-pager-view:bundleLibCompileToJarDebug
> Task :react-native-safe-area-context:bundleLibRuntimeToJarDebug
> Task :react-native-worklets:compileDebugShaders NO-SOURCE
> Task :react-native-worklets:generateDebugAssets UP-TO-DATE
> Task :react-native-safe-area-context:bundleLibCompileToJarDebug
> Task :react-native-pager-view:mergeDebugJavaResource
> Task :react-native-async-storage_async-storage:compileDebugShaders NO-SOURCE
> Task :react-native-async-storage_async-storage:generateDebugAssets UP-TO-DATE
> Task :react-native-worklets:mergeDebugAssets
> Task :react-native-async-storage_async-storage:mergeDebugAssets
> Task :react-native-worklets:bundleLibCompileToJarDebug
> Task :react-native-safe-area-context:extractDebugAnnotations
> Task :react-native-async-storage_async-storage:bundleLibCompileToJarDebug
> Task :react-native-async-storage_async-storage:bundleLibRuntimeToJarDebug
> Task :react-native-async-storage_async-storage:processDebugJavaRes NO-SOURCE
> Task :react-native-worklets:bundleLibRuntimeToJarDebug
> Task :react-native-worklets:processDebugJavaRes NO-SOURCE
> Task :react-native-pager-view:syncDebugLibJars
> Task :react-native-pager-view:bundleLibRuntimeToDirDebug
> Task :react-native-safe-area-context:bundleLibRuntimeToDirDebug
> Task :react-native-worklets:bundleLibRuntimeToDirDebug
> Task :react-native-maps:compileDebugShaders NO-SOURCE
> Task :react-native-maps:generateDebugAssets UP-TO-DATE
> Task :react-native-async-storage_async-storage:bundleLibRuntimeToDirDebug
> Task :react-native-maps:mergeDebugAssets
> Task :react-native-maps:processDebugJavaRes NO-SOURCE
> Task :react-native-maps:bundleLibRuntimeToJarDebug
> Task :react-native-maps:bundleLibCompileToJarDebug
> Task :react-native-async-storage_async-storage:mergeDebugJniLibFolders
> Task :react-native-async-storage_async-storage:mergeDebugNativeLibs NO-SOURCE
> Task :react-native-async-storage_async-storage:copyDebugJniLibsProjectOnly
> Task :react-native-async-storage_async-storage:stripDebugDebugSymbols NO-SOURCE
> Task :react-native-async-storage_async-storage:copyDebugJniLibsProjectAndLocalJars
> Task :react-native-maps:mergeDebugJniLibFolders
> Task :react-native-maps:mergeDebugNativeLibs NO-SOURCE
> Task :react-native-maps:copyDebugJniLibsProjectOnly
> Task :react-native-maps:stripDebugDebugSymbols NO-SOURCE
> Task :react-native-async-storage_async-storage:extractDebugAnnotations
> Task :react-native-maps:copyDebugJniLibsProjectAndLocalJars
> Task :react-native-async-storage_async-storage:extractDeepLinksForAarDebug UP-TO-DATE
> Task :react-native-async-storage_async-storage:mergeDebugGeneratedProguardFiles UP-TO-DATE
> Task :react-native-async-storage_async-storage:mergeDebugConsumerProguardFiles UP-TO-DATE
> Task :react-native-async-storage_async-storage:prepareDebugArtProfile UP-TO-DATE
> Task :react-native-async-storage_async-storage:prepareLintJarForPublish UP-TO-DATE
> Task :react-native-async-storage_async-storage:mergeDebugJavaResource
> Task :react-native-pager-view:bundleDebugAar
> Task :react-native-pager-view:assembleDebug
> Task :react-native-safe-area-context:mergeDebugGeneratedProguardFiles UP-TO-DATE
> Task :react-native-safe-area-context:mergeDebugConsumerProguardFiles UP-TO-DATE
> Task :react-native-maps:extractDebugAnnotations
> Task :react-native-maps:extractDeepLinksForAarDebug UP-TO-DATE
> Task :react-native-maps:mergeDebugGeneratedProguardFiles UP-TO-DATE
> Task :react-native-maps:mergeDebugConsumerProguardFiles UP-TO-DATE
> Task :react-native-maps:prepareDebugArtProfile UP-TO-DATE
> Task :react-native-maps:prepareLintJarForPublish UP-TO-DATE
> Task :react-native-safe-area-context:mergeDebugJavaResource
> Task :react-native-maps:mergeDebugJavaResource
> Task :react-native-maps:bundleLibRuntimeToDirDebug
> Task :react-native-async-storage_async-storage:syncDebugLibJars
> Task :react-native-async-storage_async-storage:bundleDebugAar
> Task :react-native-async-storage_async-storage:assembleDebug
> Task :react-native-safe-area-context:syncDebugLibJars

> Task :app:processDebugMainManifest
C:\Users\jean antony\Desktop\app\nawi-delivery\android\app\src\debug\AndroidManifest.xml:6:5-162 Warning:
	application@android:usesCleartextTraffic was tagged at AndroidManifest.xml:6 to replace other declarations but no other declaration present
C:\Users\jean antony\Desktop\app\nawi-delivery\android\app\src\debug\AndroidManifest.xml Warning:
	provider#expo.modules.filesystem.FileSystemFileProvider@android:authorities was tagged at AndroidManifest.xml:0 to replace other declarations but no other declaration present
C:\Users\jean antony\Desktop\app\nawi-delivery\android\app\src\debug\AndroidManifest.xml Warning:
	activity#expo.modules.imagepicker.ExpoCropImageActivity@android:exported was tagged at AndroidManifest.xml:0 to replace other declarations but no other declaration present

> Task :react-native-safe-area-context:bundleDebugAar
> Task :react-native-safe-area-context:assembleDebug
> Task :app:processDebugManifest
> Task :app:javaPreCompileDebug
> Task :react-native-maps:syncDebugLibJars
> Task :app:mergeDebugShaders
> Task :app:compileDebugShaders NO-SOURCE
> Task :app:generateDebugAssets UP-TO-DATE
> Task :react-native-maps:bundleDebugAar
> Task :react-native-maps:assembleDebug
> Task :app:mergeDebugAssets

> Task :react-native-reanimated:compileDebugJavaWithJavac

> Task :app:compressDebugAssets
> Task :app:desugarDebugFileDependencies
> Task :react-native-reanimated:bundleLibCompileToJarDebug
> Task :react-native-reanimated:bundleLibRuntimeToJarDebug
> Task :react-native-reanimated:extractDebugAnnotations
> Task :react-native-reanimated:bundleLibRuntimeToDirDebug
> Task :react-native-reanimated:mergeDebugGeneratedProguardFiles UP-TO-DATE
> Task :react-native-reanimated:mergeDebugConsumerProguardFiles
> Task :app:mergeDebugJniLibFolders
> Task :app:validateSigningDebug
> Task :app:writeDebugAppMetadata
> Task :app:writeDebugSigningConfigVersions
> Task :react-native-reanimated:syncDebugLibJars
> Task :app:processDebugManifestForPackage
> Task :app:checkDebugDuplicateClasses

> Task :expo-modules-core:buildCMakeDebug[arm64-v8a]
C/C++: ninja: Entering directory `C:\Users\jean antony\Desktop\app\nawi-delivery\node_modules\expo-modules-core\android\.cxx\Debug\3z4w2a6h\arm64-v8a'
C/C++: In file included from C:/Users/jean antony/Desktop/app/nawi-delivery/node_modules/expo-modules-core/common/cpp/fabric/ExpoViewProps.cpp:4:
C/C++: In file included from C:/Users/jean antony/Desktop/app/nawi-delivery/node_modules/react-native/ReactCommon/react/renderer/core/propsConversions.h:15:
C/C++: C:/Users/jean antony/Desktop/app/nawi-delivery/node_modules/react-native/ReactCommon/react/renderer/core/graphicsConversions.h:80:14: error: no member named 'format' in namespace 'std'; did you mean 'folly::format'?
C/C++:       return std::format("{}%", dimension.value);
C/C++:              ^~~~~~~~~~~
C/C++:              folly::format
C/C++: C:/Users/jean antony/.gradle/caches/8.14.3/transforms/0ba7f924bb3c819e5cc03eb8784e5872/transformed/react-android-0.81.5-debug/prefab/modules/reactnative/include/folly/Format.h:291:1: note: 'folly::format' declared here
C/C++: format(StringPiece fmt, Args&&... args) {
C/C++: ^
C/C++: In file included from C:/Users/jean antony/Desktop/app/nawi-delivery/node_modules/expo-modules-core/common/cpp/fabric/ExpoViewProps.cpp:4:
C/C++: In file included from C:/Users/jean antony/Desktop/app/nawi-delivery/node_modules/react-native/ReactCommon/react/renderer/core/propsConversions.h:15:
C/C++: C:/Users/jean antony/Desktop/app/nawi-delivery/node_modules/react-native/ReactCommon/react/renderer/core/graphicsConversions.h:80:14: error: no viable conversion from returned value of type 'Formatter<false, const float &>' to function return type 'folly::dynamic'
C/C++:       return std::format("{}%", dimension.value);
C/C++:              ^~~~~~~~~~~~~~~~~~~~~~~~~~~~~~~~~~~
C/C++: C:/Users/jean antony/.gradle/caches/8.14.3/transforms/0ba7f924bb3c819e5cc03eb8784e5872/transformed/react-android-0.81.5-debug/prefab/modules/reactnative/include/folly/json/dynamic.h:238:18: note: candidate constructor not viable: no known conversion from 'Formatter<false, const float &>' to 'const ObjectMaker &' for 1st argument
C/C++:   /* implicit */ dynamic(ObjectMaker const&) = delete;
C/C++:                  ^
C/C++: C:/Users/jean antony/.gradle/caches/8.14.3/transforms/0ba7f924bb3c819e5cc03eb8784e5872/transformed/react-android-0.81.5-debug/prefab/modules/reactnative/include/folly/json/dynamic.h:289:3: note: candidate constructor not viable: no known conversion from 'Formatter<false, const float &>' to 'const dynamic &' for 1st argument
C/C++:   dynamic(dynamic const&);
C/C++:   ^
C/C++: C:/Users/jean antony/.gradle/caches/8.14.3/transforms/0ba7f924bb3c819e5cc03eb8784e5872/transformed/react-android-0.81.5-debug/prefab/modules/reactnative/include/folly/json/dynamic.h:290:3: note: candidate constructor not viable: no known conversion from 'Formatter<false, const float &>' to 'dynamic &&' for 1st argument
C/C++:   dynamic(dynamic&&) noexcept;
C/C++:   ^
C/C++: C:/Users/jean antony/.gradle/caches/8.14.3/transforms/0ba7f924bb3c819e5cc03eb8784e5872/transformed/react-android-0.81.5-debug/prefab/modules/reactnative/include/folly/json/dynamic-inl.h:321:17: note: candidate constructor not viable: no known conversion from 'Formatter<false, const float &>' to 'std::nullptr_t' for 1st argument
C/C++: inline dynamic::dynamic(std::nullptr_t) : type_(NULLT) {}
C/C++:                 ^
C/C++: C:/Users/jean antony/.gradle/caches/8.14.3/transforms/0ba7f924bb3c819e5cc03eb8784e5872/transformed/react-android-0.81.5-debug/prefab/modules/reactnative/include/folly/json/dynamic-inl.h:323:17: note: candidate constructor not viable: no known conversion from 'Formatter<false, const float &>' to 'void (*)(EmptyArrayTag)' for 1st argument
C/C++: inline dynamic::dynamic(void (*)(EmptyArrayTag)) : type_(ARRAY) {
C/C++:                 ^
C/C++: C:/Users/jean antony/.gradle/caches/8.14.3/transforms/0ba7f924bb3c819e5cc03eb8784e5872/transformed/react-android-0.81.5-debug/prefab/modules/reactnative/include/folly/json/dynamic-inl.h:327:17: note: candidate constructor not viable: no known conversion from 'Formatter<false, const float &>' to 'ObjectMaker (*)()' for 1st argument
C/C++: inline dynamic::dynamic(ObjectMaker (*)()) : type_(OBJECT) {
C/C++:                 ^
C/C++: C:/Users/jean antony/.gradle/caches/8.14.3/transforms/0ba7f924bb3c819e5cc03eb8784e5872/transformed/react-android-0.81.5-debug/prefab/modules/reactnative/include/folly/json/dynamic-inl.h:331:17: note: candidate constructor not viable: no known conversion from 'Formatter<false, const float &>' to 'const char *' for 1st argument
C/C++: inline dynamic::dynamic(char const* s) : type_(STRING) {
C/C++:                 ^
C/C++: C:/Users/jean antony/.gradle/caches/8.14.3/transforms/0ba7f924bb3c819e5cc03eb8784e5872/transformed/react-android-0.81.5-debug/prefab/modules/reactnative/include/folly/json/dynamic-inl.h:335:17: note: candidate constructor not viable: no known conversion from 'Formatter<false, const float &>' to 'std::string' (aka 'basic_string<char>') for 1st argument
C/C++: inline dynamic::dynamic(std::string s) : type_(STRING) {
C/C++:                 ^
C/C++: C:/Users/jean antony/.gradle/caches/8.14.3/transforms/0ba7f924bb3c819e5cc03eb8784e5872/transformed/react-android-0.81.5-debug/prefab/modules/reactnative/include/folly/json/dynamic-inl.h:344:17: note: candidate constructor not viable: no known conversion from 'Formatter<false, const float &>' to 'ObjectMaker &&' for 1st argument
C/C++: inline dynamic::dynamic(ObjectMaker&& maker) : type_(OBJECT) {
C/C++:                 ^
C/C++: C:/Users/jean antony/.gradle/caches/8.14.3/transforms/0ba7f924bb3c819e5cc03eb8784e5872/transformed/react-android-0.81.5-debug/prefab/modules/reactnative/include/folly/json/dynamic-inl.h:376:17: note: candidate constructor not viable: no known conversion from 'Formatter<false, const float &>' to 'std::vector<bool>::reference' (aka '__bit_reference<vector<bool, allocator<bool>>>') for 1st argument
C/C++: inline dynamic::dynamic(std::vector<bool>::reference b)
C/C++:                 ^
C/C++: C:/Users/jean antony/.gradle/caches/8.14.3/transforms/0ba7f924bb3c819e5cc03eb8784e5872/transformed/react-android-0.81.5-debug/prefab/modules/reactnative/include/folly/json/dynamic-inl.h:378:17: note: candidate constructor not viable: no known conversion from 'Formatter<false, const float &>' to 'VectorBoolConstRefCtorType' (aka 'std::__bit_const_reference<std::vector<bool>>') for 1st argument
C/C++: inline dynamic::dynamic(VectorBoolConstRefCtorType b)
C/C++:                 ^
C/C++: C:/Users/jean antony/.gradle/caches/8.14.3/transforms/0ba7f924bb3c819e5cc03eb8784e5872/transformed/react-android-0.81.5-debug/prefab/modules/reactnative/include/folly/json/dynamic-inl.h:340:17: note: candidate template ignored: requirement 'is_detected_v<folly::dynamic_detail::detect_construct_string, folly::Formatter<false, const float &>>' was not satisfied [with Stringish = Formatter<false, const float &>]
C/C++: inline dynamic::dynamic(Stringish&& s) : type_(STRING) {
C/C++:                 ^
C/C++: C:/Users/jean antony/.gradle/caches/8.14.3/transforms/0ba7f924bb3c819e5cc03eb8784e5872/transformed/react-android-0.81.5-debug/prefab/modules/reactnative/include/folly/json/dynamic-inl.h:384:10: note: candidate template ignored: substitution failure [with T = Formatter<false, const float &>]: implicit instantiation of undefined template 'folly::dynamic::NumericTypeHelper<folly::Formatter<false, const float &>>'
C/C++: dynamic::dynamic(T t) {
C/C++:          ^
C/C++: C:/Users/jean antony/.gradle/caches/8.14.3/transforms/0ba7f924bb3c819e5cc03eb8784e5872/transformed/react-android-0.81.5-debug/prefab/modules/reactnative/include/folly/json/dynamic.h:1115:12: note: explicit constructor is not a candidate
C/C++:   explicit dynamic(Array&& r);
C/C++:            ^
C/C++: 2 errors generated.

> Task :react-native-screens:buildCMakeDebug[arm64-v8a]
> Task :expo-modules-core:compileDebugKotlin

> Task :react-native-gesture-handler:compileDebugKotlin
w: file:///C:/Users/jean%20antony/Desktop/app/nawi-delivery/node_modules/react-native-gesture-handler/android/src/main/java/com/swmansion/gesturehandler/react/RNGestureHandlerRootView.kt:41:43 The corresponding parameter in the supertype 'ReactViewGroup' is named 'ev'. This may cause problems when calling this function with named arguments.

> Task :react-native-worklets:configureCMakeDebug[arm64-v8a]
C/C++: CMake Warning:
C/C++:   Manually-specified variables were not used by the project:
C/C++:     ANDROID_SUPPORT_FLEXIBLE_PAGE_SIZES

> Task :app:mergeExtDexDebug
> Task :react-native-screens:compileDebugKotlin
> Task :react-native-gesture-handler:compileDebugJavaWithJavac
> Task :react-native-gesture-handler:bundleLibCompileToJarDebug
> Task :react-native-gesture-handler:processDebugJavaRes
> Task :react-native-gesture-handler:bundleLibRuntimeToJarDebug
> Task :react-native-gesture-handler:extractDebugAnnotations
> Task :react-native-gesture-handler:mergeDebugGeneratedProguardFiles UP-TO-DATE
> Task :react-native-gesture-handler:mergeDebugConsumerProguardFiles UP-TO-DATE
> Task :react-native-gesture-handler:mergeDebugJavaResource

> Task :react-native-worklets:configureCMakeDebug[armeabi-v7a]
C/C++: CMake Warning:
C/C++:   Manually-specified variables were not used by the project:
C/C++:     ANDROID_SUPPORT_FLEXIBLE_PAGE_SIZES

> Task :expo-modules-core:buildCMakeDebug[arm64-v8a] FAILED
> Task :react-native-gesture-handler:bundleLibRuntimeToDirDebug
> Task :react-native-gesture-handler:syncDebugLibJars

> Task :expo-modules-core:compileDebugKotlin
w: file:///C:/Users/jean%20antony/Desktop/app/nawi-delivery/node_modules/expo-modules-core/android/src/main/java/expo/modules/adapters/react/apploader/RNHeadlessAppLoader.kt:48:87 'val reactNativeHost: ReactNativeHost' is deprecated. You should not use ReactNativeHost directly in the New Architecture. Use ReactHost instead.
w: file:///C:/Users/jean%20antony/Desktop/app/nawi-delivery/node_modules/expo-modules-core/android/src/main/java/expo/modules/adapters/react/apploader/RNHeadlessAppLoader.kt:91:85 'val reactNativeHost: ReactNativeHost' is deprecated. You should not use ReactNativeHost directly in the New Architecture. Use ReactHost instead.
w: file:///C:/Users/jean%20antony/Desktop/app/nawi-delivery/node_modules/expo-modules-core/android/src/main/java/expo/modules/adapters/react/apploader/RNHeadlessAppLoader.kt:120:83 'val reactNativeHost: ReactNativeHost' is deprecated. You should not use ReactNativeHost directly in the New Architecture. Use ReactHost instead.
w: file:///C:/Users/jean%20antony/Desktop/app/nawi-delivery/node_modules/expo-modules-core/android/src/main/java/expo/modules/apploader/AppLoaderProvider.kt:34:52 Unchecked cast of 'Class<*>!' to 'Class<out HeadlessAppLoader>'.
w: file:///C:/Users/jean%20antony/Desktop/app/nawi-delivery/node_modules/expo-modules-core/android/src/main/java/expo/modules/kotlin/AppContext.kt:30:8 'typealias ErrorManagerModule = JSLoggerModule' is deprecated. Use JSLoggerModule instead.
w: file:///C:/Users/jean%20antony/Desktop/app/nawi-delivery/node_modules/expo-modules-core/android/src/main/java/expo/modules/kotlin/AppContext.kt:253:21 'typealias ErrorManagerModule = JSLoggerModule' is deprecated. Use JSLoggerModule instead.
w: file:///C:/Users/jean%20antony/Desktop/app/nawi-delivery/node_modules/expo-modules-core/android/src/main/java/expo/modules/kotlin/AppContext.kt:343:21 'val DEFAULT: Int' is deprecated. UIManagerType.DEFAULT will be deleted in the next release of React Native. Use [LEGACY] instead.
w: file:///C:/Users/jean%20antony/Desktop/app/nawi-delivery/node_modules/expo-modules-core/android/src/main/java/expo/modules/kotlin/defaultmodules/NativeModulesProxyModule.kt:16:5 'fun Constants(legacyConstantsProvider: () -> Map<String, Any?>): Unit' is deprecated. Use `Constant` or `Property` instead.
w: file:///C:/Users/jean%20antony/Desktop/app/nawi-delivery/node_modules/expo-modules-core/android/src/main/java/expo/modules/kotlin/jni/PromiseImpl.kt:65:51 'val errorManager: JSLoggerModule?' is deprecated. Use AppContext.jsLogger instead.
w: file:///C:/Users/jean%20antony/Desktop/app/nawi-delivery/node_modules/expo-modules-core/android/src/main/java/expo/modules/kotlin/jni/PromiseImpl.kt:69:22 'fun reportExceptionToLogBox(codedException: CodedException): Unit' is deprecated. Use appContext.jsLogger.error(...) instead.
w: file:///C:/Users/jean%20antony/Desktop/app/nawi-delivery/node_modules/expo-modules-core/android/src/main/java/expo/modules/kotlin/views/ViewDefinitionBuilder.kt:464:16 'val errorManager: JSLoggerModule?' is deprecated. Use AppContext.jsLogger instead.
w: file:///C:/Users/jean%20antony/Desktop/app/nawi-delivery/node_modules/expo-modules-core/android/src/main/java/expo/modules/kotlin/views/ViewDefinitionBuilder.kt:464:30 'fun reportExceptionToLogBox(codedException: CodedException): Unit' is deprecated. Use appContext.jsLogger.error(...) instead.
w: file:///C:/Users/jean%20antony/Desktop/app/nawi-delivery/node_modules/expo-modules-core/android/src/main/java/expo/modules/kotlin/views/ViewManagerDefinition.kt:41:16 'val errorManager: JSLoggerModule?' is deprecated. Use AppContext.jsLogger instead.
w: file:///C:/Users/jean%20antony/Desktop/app/nawi-delivery/node_modules/expo-modules-core/android/src/main/java/expo/modules/kotlin/views/ViewManagerDefinition.kt:41:30 'fun reportExceptionToLogBox(codedException: CodedException): Unit' is deprecated. Use appContext.jsLogger.error(...) instead.

> Task :react-native-screens:configureCMakeDebug[armeabi-v7a]
C/C++: CMake Warning:
C/C++:   Manually-specified variables were not used by the project:
C/C++:     ANDROID_SUPPORT_FLEXIBLE_PAGE_SIZES

> Task :react-native-screens:compileDebugKotlin
w: file:///C:/Users/jean%20antony/Desktop/app/nawi-delivery/node_modules/react-native-screens/android/src/main/java/com/swmansion/rnscreens/RNScreensPackage.kt:56:9 The corresponding parameter in the supertype 'BaseReactPackage' is named 'name'. This may cause problems when calling this function with named arguments.
w: file:///C:/Users/jean%20antony/Desktop/app/nawi-delivery/node_modules/react-native-screens/android/src/main/java/com/swmansion/rnscreens/RNScreensPackage.kt:57:9 The corresponding parameter in the supertype 'BaseReactPackage' is named 'reactContext'. This may cause problems when calling this function with named arguments.
w: file:///C:/Users/jean%20antony/Desktop/app/nawi-delivery/node_modules/react-native-screens/android/src/main/java/com/swmansion/rnscreens/RNScreensPackage.kt:70:17 'constructor(name: String, className: String, canOverrideExistingModule: Boolean, needsEagerInit: Boolean, hasConstants: Boolean, isCxxModule: Boolean, isTurboModule: Boolean): ReactModuleInfo' is deprecated. This constructor is deprecated and will be removed in the future. Use ReactModuleInfo(String, String, boolean, boolean, boolean, boolean)].
w: file:///C:/Users/jean%20antony/Desktop/app/nawi-delivery/node_modules/react-native-screens/android/src/main/java/com/swmansion/rnscreens/Screen.kt:48:77 Unchecked cast of '(CoordinatorLayout.Behavior<View!>?..CoordinatorLayout.Behavior<*>?)' to 'BottomSheetBehavior<Screen>'.
w: file:///C:/Users/jean%20antony/Desktop/app/nawi-delivery/node_modules/react-native-screens/android/src/main/java/com/swmansion/rnscreens/Screen.kt:383:36 'fun setTranslucent(screen: Screen, activity: Activity?, context: ReactContext?): Unit' is deprecated. For apps targeting SDK 35 or above this prop has no effect because edge-to-edge is enabled by default and the status bar is always translucent.
w: file:///C:/Users/jean%20antony/Desktop/app/nawi-delivery/node_modules/react-native-screens/android/src/main/java/com/swmansion/rnscreens/Screen.kt:402:36 'fun setColor(screen: Screen, activity: Activity?, context: ReactContext?): Unit' is deprecated. For apps targeting SDK 35 or above this prop has no effect because edge-to-edge is enabled by default and the status bar is always translucent.
w: file:///C:/Users/jean%20antony/Desktop/app/nawi-delivery/node_modules/react-native-screens/android/src/main/java/com/swmansion/rnscreens/Screen.kt:420:36 'fun setNavigationBarColor(screen: Screen, activity: Activity?): Unit' is deprecated. For all apps targeting Android SDK 35 or above edge-to-edge is enabled by default.
w: file:///C:/Users/jean%20antony/Desktop/app/nawi-delivery/node_modules/react-native-screens/android/src/main/java/com/swmansion/rnscreens/Screen.kt:437:36 'fun setNavigationBarTranslucent(screen: Screen, activity: Activity?): Unit' is deprecated. For all apps targeting Android SDK 35 or above edge-to-edge is enabled by default.
w: file:///C:/Users/jean%20antony/Desktop/app/nawi-delivery/node_modules/react-native-screens/android/src/main/java/com/swmansion/rnscreens/ScreenStackFragment.kt:217:31 'var targetElevation: Float' is deprecated. Deprecated in Java.
w: file:///C:/Users/jean%20antony/Desktop/app/nawi-delivery/node_modules/react-native-screens/android/src/main/java/com/swmansion/rnscreens/ScreenStackFragment.kt:220:13 'fun setHasOptionsMenu(p0: Boolean): Unit' is deprecated. Deprecated in Java.
w: file:///C:/Users/jean%20antony/Desktop/app/nawi-delivery/node_modules/react-native-screens/android/src/main/java/com/swmansion/rnscreens/ScreenStackFragment.kt:397:18 This declaration overrides a deprecated member but is not marked as deprecated itself. Add the '@Deprecated' annotation or suppress the diagnostic.
w: file:///C:/Users/jean%20antony/Desktop/app/nawi-delivery/node_modules/react-native-screens/android/src/main/java/com/swmansion/rnscreens/ScreenStackFragment.kt:404:22 'fun onPrepareOptionsMenu(p0: Menu): Unit' is deprecated. Deprecated in Java.
w: file:///C:/Users/jean%20antony/Desktop/app/nawi-delivery/node_modules/react-native-screens/android/src/main/java/com/swmansion/rnscreens/ScreenStackFragment.kt:407:18 This declaration overrides a deprecated member but is not marked as deprecated itself. Add the '@Deprecated' annotation or suppress the diagnostic.
w: file:///C:/Users/jean%20antony/Desktop/app/nawi-delivery/node_modules/react-native-screens/android/src/main/java/com/swmansion/rnscreens/ScreenStackFragment.kt:412:22 'fun onCreateOptionsMenu(p0: Menu, p1: MenuInflater): Unit' is deprecated. Deprecated in Java.
w: file:///C:/Users/jean%20antony/Desktop/app/nawi-delivery/node_modules/react-native-screens/android/src/main/java/com/swmansion/rnscreens/ScreenStackHeaderConfig.kt:435:18 'val reactNativeHost: ReactNativeHost' is deprecated. You should not use ReactNativeHost directly in the New Architecture. Use ReactHost instead.
w: file:///C:/Users/jean%20antony/Desktop/app/nawi-delivery/node_modules/react-native-screens/android/src/main/java/com/swmansion/rnscreens/ScreenViewManager.kt:203:14 'var statusBarColor: Int?' is deprecated. For apps targeting SDK 35 or above this prop has no effect because edge-to-edge is enabled by default and the status bar is always translucent.
w: file:///C:/Users/jean%20antony/Desktop/app/nawi-delivery/node_modules/react-native-screens/android/src/main/java/com/swmansion/rnscreens/ScreenViewManager.kt:220:14 'var isStatusBarTranslucent: Boolean?' is deprecated. For apps targeting SDK 35 or above this prop has no effect because edge-to-edge is enabled by default and the status bar is always translucent.
w: file:///C:/Users/jean%20antony/Desktop/app/nawi-delivery/node_modules/react-native-screens/android/src/main/java/com/swmansion/rnscreens/ScreenViewManager.kt:237:14 'var navigationBarColor: Int?' is deprecated. For all apps targeting Android SDK 35 or above edge-to-edge is enabled by default.
w: file:///C:/Users/jean%20antony/Desktop/app/nawi-delivery/node_modules/react-native-screens/android/src/main/java/com/swmansion/rnscreens/ScreenViewManager.kt:246:14 'var isNavigationBarTranslucent: Boolean?' is deprecated. For all apps targeting Android SDK 35 or above edge-to-edge is enabled by default.
w: file:///C:/Users/jean%20antony/Desktop/app/nawi-delivery/node_modules/react-native-screens/android/src/main/java/com/swmansion/rnscreens/ScreenWindowTraits.kt:55:42 'fun replaceSystemWindowInsets(p0: Int, p1: Int, p2: Int, p3: Int): WindowInsetsCompat' is deprecated. Deprecated in Java.
w: file:///C:/Users/jean%20antony/Desktop/app/nawi-delivery/node_modules/react-native-screens/android/src/main/java/com/swmansion/rnscreens/ScreenWindowTraits.kt:56:39 'val systemWindowInsetLeft: Int' is deprecated. Deprecated in Java.
w: file:///C:/Users/jean%20antony/Desktop/app/nawi-delivery/node_modules/react-native-screens/android/src/main/java/com/swmansion/rnscreens/ScreenWindowTraits.kt:58:39 'val systemWindowInsetRight: Int' is deprecated. Deprecated in Java.
w: file:///C:/Users/jean%20antony/Desktop/app/nawi-delivery/node_modules/react-native-screens/android/src/main/java/com/swmansion/rnscreens/ScreenWindowTraits.kt:59:39 'val systemWindowInsetBottom: Int' is deprecated. Deprecated in Java.
w: file:///C:/Users/jean%20antony/Desktop/app/nawi-delivery/node_modules/react-native-screens/android/src/main/java/com/swmansion/rnscreens/ScreenWindowTraits.kt:102:53 'var statusBarColor: Int' is deprecated. Deprecated in Java.
w: file:///C:/Users/jean%20antony/Desktop/app/nawi-delivery/node_modules/react-native-screens/android/src/main/java/com/swmansion/rnscreens/ScreenWindowTraits.kt:106:37 'var statusBarColor: Int?' is deprecated. For apps targeting SDK 35 or above this prop has no effect because edge-to-edge is enabled by default and the status bar is always translucent.
w: file:///C:/Users/jean%20antony/Desktop/app/nawi-delivery/node_modules/react-native-screens/android/src/main/java/com/swmansion/rnscreens/ScreenWindowTraits.kt:113:48 'var statusBarColor: Int' is deprecated. Deprecated in Java.
w: file:///C:/Users/jean%20antony/Desktop/app/nawi-delivery/node_modules/react-native-screens/android/src/main/java/com/swmansion/rnscreens/ScreenWindowTraits.kt:116:32 'var statusBarColor: Int' is deprecated. Deprecated in Java.
w: file:///C:/Users/jean%20antony/Desktop/app/nawi-delivery/node_modules/react-native-screens/android/src/main/java/com/swmansion/rnscreens/ScreenWindowTraits.kt:162:49 'var isStatusBarTranslucent: Boolean?' is deprecated. For apps targeting SDK 35 or above this prop has no effect because edge-to-edge is enabled by default and the status bar is always translucent.
w: file:///C:/Users/jean%20antony/Desktop/app/nawi-delivery/node_modules/react-native-screens/android/src/main/java/com/swmansion/rnscreens/ScreenWindowTraits.kt:218:43 'var navigationBarColor: Int?' is deprecated. For all apps targeting Android SDK 35 or above edge-to-edge is enabled by default.
w: file:///C:/Users/jean%20antony/Desktop/app/nawi-delivery/node_modules/react-native-screens/android/src/main/java/com/swmansion/rnscreens/ScreenWindowTraits.kt:218:72 'var navigationBarColor: Int' is deprecated. Deprecated in Java.
w: file:///C:/Users/jean%20antony/Desktop/app/nawi-delivery/node_modules/react-native-screens/android/src/main/java/com/swmansion/rnscreens/ScreenWindowTraits.kt:224:16 'var navigationBarColor: Int' is deprecated. Deprecated in Java.
w: file:///C:/Users/jean%20antony/Desktop/app/nawi-delivery/node_modules/react-native-screens/android/src/main/java/com/swmansion/rnscreens/ScreenWindowTraits.kt:241:55 'var isNavigationBarTranslucent: Boolean?' is deprecated. For all apps targeting Android SDK 35 or above edge-to-edge is enabled by default.
w: file:///C:/Users/jean%20antony/Desktop/app/nawi-delivery/node_modules/react-native-screens/android/src/main/java/com/swmansion/rnscreens/ScreenWindowTraits.kt:283:13 'fun setColor(screen: Screen, activity: Activity?, context: ReactContext?): Unit' is deprecated. For apps targeting SDK 35 or above this prop has no effect because edge-to-edge is enabled by default and the status bar is always translucent.
w: file:///C:/Users/jean%20antony/Desktop/app/nawi-delivery/node_modules/react-native-screens/android/src/main/java/com/swmansion/rnscreens/ScreenWindowTraits.kt:285:13 'fun setTranslucent(screen: Screen, activity: Activity?, context: ReactContext?): Unit' is deprecated. For apps targeting SDK 35 or above this prop has no effect because edge-to-edge is enabled by default and the status bar is always translucent.
w: file:///C:/Users/jean%20antony/Desktop/app/nawi-delivery/node_modules/react-native-screens/android/src/main/java/com/swmansion/rnscreens/ScreenWindowTraits.kt:289:13 'fun setNavigationBarColor(screen: Screen, activity: Activity?): Unit' is deprecated. For all apps targeting Android SDK 35 or above edge-to-edge is enabled by default.
w: file:///C:/Users/jean%20antony/Desktop/app/nawi-delivery/node_modules/react-native-screens/android/src/main/java/com/swmansion/rnscreens/ScreenWindowTraits.kt:290:13 'fun setNavigationBarTranslucent(screen: Screen, activity: Activity?): Unit' is deprecated. For all apps targeting Android SDK 35 or above edge-to-edge is enabled by default.
w: file:///C:/Users/jean%20antony/Desktop/app/nawi-delivery/node_modules/react-native-screens/android/src/main/java/com/swmansion/rnscreens/ScreenWindowTraits.kt:354:42 'var statusBarColor: Int?' is deprecated. For apps targeting SDK 35 or above this prop has no effect because edge-to-edge is enabled by default and the status bar is always translucent.
w: file:///C:/Users/jean%20antony/Desktop/app/nawi-delivery/node_modules/react-native-screens/android/src/main/java/com/swmansion/rnscreens/ScreenWindowTraits.kt:356:48 'var isStatusBarTranslucent: Boolean?' is deprecated. For apps targeting SDK 35 or above this prop has no effect because edge-to-edge is enabled by default and the status bar is always translucent.
w: file:///C:/Users/jean%20antony/Desktop/app/nawi-delivery/node_modules/react-native-screens/android/src/main/java/com/swmansion/rnscreens/ScreenWindowTraits.kt:359:57 'var navigationBarColor: Int?' is deprecated. For all apps targeting Android SDK 35 or above edge-to-edge is enabled by default.
w: file:///C:/Users/jean%20antony/Desktop/app/nawi-delivery/node_modules/react-native-screens/android/src/main/java/com/swmansion/rnscreens/ScreenWindowTraits.kt:360:63 'var isNavigationBarTranslucent: Boolean?' is deprecated. For all apps targeting Android SDK 35 or above edge-to-edge is enabled by default.
w: file:///C:/Users/jean%20antony/Desktop/app/nawi-delivery/node_modules/react-native-screens/android/src/main/java/com/swmansion/rnscreens/bottomsheet/BottomSheetDialogRootView.kt:7:8 'object ReactFeatureFlags : Any' is deprecated. Use com.facebook.react.internal.featureflags.ReactNativeFeatureFlags instead.
w: file:///C:/Users/jean%20antony/Desktop/app/nawi-delivery/node_modules/react-native-screens/android/src/main/java/com/swmansion/rnscreens/bottomsheet/BottomSheetDialogRootView.kt:25:13 'object ReactFeatureFlags : Any' is deprecated. Use com.facebook.react.internal.featureflags.ReactNativeFeatureFlags instead.
w: file:///C:/Users/jean%20antony/Desktop/app/nawi-delivery/node_modules/react-native-screens/android/src/main/java/com/swmansion/rnscreens/bottomsheet/BottomSheetDialogRootView.kt:32:9 The corresponding parameter in the supertype 'ReactViewGroup' is named 'left'. This may cause problems when calling this function with named arguments.
w: file:///C:/Users/jean%20antony/Desktop/app/nawi-delivery/node_modules/react-native-screens/android/src/main/java/com/swmansion/rnscreens/bottomsheet/BottomSheetDialogRootView.kt:33:9 The corresponding parameter in the supertype 'ReactViewGroup' is named 'top'. This may cause problems when calling this function with named arguments.
w: file:///C:/Users/jean%20antony/Desktop/app/nawi-delivery/node_modules/react-native-screens/android/src/main/java/com/swmansion/rnscreens/bottomsheet/BottomSheetDialogRootView.kt:34:9 The corresponding parameter in the supertype 'ReactViewGroup' is named 'right'. This may cause problems when calling this function with named arguments.
w: file:///C:/Users/jean%20antony/Desktop/app/nawi-delivery/node_modules/react-native-screens/android/src/main/java/com/swmansion/rnscreens/bottomsheet/BottomSheetDialogRootView.kt:35:9 The corresponding parameter in the supertype 'ReactViewGroup' is named 'bottom'. This may cause problems when calling this function with named arguments.
w: file:///C:/Users/jean%20antony/Desktop/app/nawi-delivery/node_modules/react-native-screens/android/src/main/java/com/swmansion/rnscreens/bottomsheet/BottomSheetDialogRootView.kt:71:9 The corresponding parameter in the supertype 'RootView' is named 'childView'. This may cause problems when calling this function with named arguments.
w: file:///C:/Users/jean%20antony/Desktop/app/nawi-delivery/node_modules/react-native-screens/android/src/main/java/com/swmansion/rnscreens/bottomsheet/BottomSheetDialogRootView.kt:72:9 The corresponding parameter in the supertype 'RootView' is named 'ev'. This may cause problems when calling this function with named arguments.
w: file:///C:/Users/jean%20antony/Desktop/app/nawi-delivery/node_modules/react-native-screens/android/src/main/java/com/swmansion/rnscreens/bottomsheet/BottomSheetDialogRootView.kt:79:46 The corresponding parameter in the supertype 'RootView' is named 'ev'. This may cause problems when calling this function with named arguments.
w: file:///C:/Users/jean%20antony/Desktop/app/nawi-delivery/node_modules/react-native-screens/android/src/main/java/com/swmansion/rnscreens/bottomsheet/BottomSheetDialogRootView.kt:83:9 The corresponding parameter in the supertype 'RootView' is named 'childView'. This may cause problems when calling this function with named arguments.
w: file:///C:/Users/jean%20antony/Desktop/app/nawi-delivery/node_modules/react-native-screens/android/src/main/java/com/swmansion/rnscreens/bottomsheet/BottomSheetDialogRootView.kt:84:9 The corresponding parameter in the supertype 'RootView' is named 'ev'. This may cause problems when calling this function with named arguments.
w: file:///C:/Users/jean%20antony/Desktop/app/nawi-delivery/node_modules/react-native-screens/android/src/main/java/com/swmansion/rnscreens/bottomsheet/BottomSheetDialogRootView.kt:95:34 The corresponding parameter in the supertype 'RootView' is named 't'. This may cause problems when calling this function with named arguments.
w: file:///C:/Users/jean%20antony/Desktop/app/nawi-delivery/node_modules/react-native-screens/android/src/main/java/com/swmansion/rnscreens/bottomsheet/DimmingView.kt:63:9 The corresponding parameter in the supertype 'ReactCompoundView' is named 'touchX'. This may cause problems when calling this function with named arguments.
w: file:///C:/Users/jean%20antony/Desktop/app/nawi-delivery/node_modules/react-native-screens/android/src/main/java/com/swmansion/rnscreens/bottomsheet/DimmingView.kt:64:9 The corresponding parameter in the supertype 'ReactCompoundView' is named 'touchY'. This may cause problems when calling this function with named arguments.
w: file:///C:/Users/jean%20antony/Desktop/app/nawi-delivery/node_modules/react-native-screens/android/src/main/java/com/swmansion/rnscreens/bottomsheet/DimmingView.kt:68:9 The corresponding parameter in the supertype 'ReactCompoundViewGroup' is named 'touchX'. This may cause problems when calling this function with named arguments.
w: file:///C:/Users/jean%20antony/Desktop/app/nawi-delivery/node_modules/react-native-screens/android/src/main/java/com/swmansion/rnscreens/bottomsheet/DimmingView.kt:69:9 The corresponding parameter in the supertype 'ReactCompoundViewGroup' is named 'touchY'. This may cause problems when calling this function with named arguments.
w: file:///C:/Users/jean%20antony/Desktop/app/nawi-delivery/node_modules/react-native-screens/android/src/main/java/com/swmansion/rnscreens/gamma/tabs/TabsHostViewManager.kt:37:9 The corresponding parameter in the supertype 'TabsHostViewManager' is named 'view'. This may cause problems when calling this function with named arguments.

[Incubating] Problems report is available at: file:///C:/Users/jean%20antony/Desktop/app/nawi-delivery/android/build/reports/problems/problems-report.html

Deprecated Gradle features were used in this build, making it incompatible with Gradle 9.0.

You can use '--warning-mode all' to show the individual deprecation warnings and determine if they come from your own scripts or plugins.

For more on this, please refer to https://docs.gradle.org/8.14.3/userguide/command_line_interface.html#sec:command_line_warnings in the Gradle documentation.
364 actionable tasks: 305 executed, 59 up-to-date
