> Task :gradle-plugin:settings-plugin:checkKotlinGradlePluginConfigurationErrors SKIPPED
> Task :gradle-plugin:shared:checkKotlinGradlePluginConfigurationErrors SKIPPED
> Task :expo-gradle-plugin:expo-autolinking-settings-plugin:checkKotlinGradlePluginConfigurationErrors SKIPPED
> Task :expo-gradle-plugin:expo-autolinking-plugin-shared:checkKotlinGradlePluginConfigurationErrors SKIPPED
> Task :gradle-plugin:settings-plugin:pluginDescriptors UP-TO-DATE
> Task :expo-gradle-plugin:expo-autolinking-settings-plugin:pluginDescriptors UP-TO-DATE
> Task :gradle-plugin:settings-plugin:processResources UP-TO-DATE
> Task :expo-gradle-plugin:expo-autolinking-settings-plugin:processResources UP-TO-DATE
> Task :gradle-plugin:shared:compileKotlin UP-TO-DATE
> Task :expo-gradle-plugin:expo-autolinking-plugin-shared:compileKotlin UP-TO-DATE
> Task :gradle-plugin:shared:compileJava NO-SOURCE
> Task :expo-gradle-plugin:expo-autolinking-plugin-shared:compileJava NO-SOURCE
> Task :gradle-plugin:shared:processResources NO-SOURCE
> Task :gradle-plugin:shared:classes UP-TO-DATE
> Task :expo-gradle-plugin:expo-autolinking-plugin-shared:processResources NO-SOURCE
> Task :expo-gradle-plugin:expo-autolinking-plugin-shared:classes UP-TO-DATE
> Task :gradle-plugin:shared:jar UP-TO-DATE
> Task :expo-gradle-plugin:expo-autolinking-plugin-shared:jar UP-TO-DATE
> Task :gradle-plugin:settings-plugin:compileKotlin UP-TO-DATE
> Task :gradle-plugin:settings-plugin:compileJava NO-SOURCE
> Task :gradle-plugin:settings-plugin:classes UP-TO-DATE
> Task :expo-gradle-plugin:expo-autolinking-settings-plugin:compileKotlin UP-TO-DATE
> Task :gradle-plugin:settings-plugin:jar UP-TO-DATE
> Task :expo-gradle-plugin:expo-autolinking-settings-plugin:compileJava NO-SOURCE
> Task :expo-gradle-plugin:expo-autolinking-settings-plugin:classes UP-TO-DATE
> Task :expo-gradle-plugin:expo-autolinking-settings-plugin:jar UP-TO-DATE
> Task :expo-gradle-plugin:expo-autolinking-plugin:checkKotlinGradlePluginConfigurationErrors SKIPPED
> Task :gradle-plugin:react-native-gradle-plugin:checkKotlinGradlePluginConfigurationErrors SKIPPED
> Task :expo-module-gradle-plugin:checkKotlinGradlePluginConfigurationErrors SKIPPED
> Task :expo-module-gradle-plugin:pluginDescriptors UP-TO-DATE
> Task :expo-module-gradle-plugin:processResources UP-TO-DATE
> Task :expo-gradle-plugin:expo-autolinking-plugin:compileKotlin UP-TO-DATE
> Task :expo-gradle-plugin:expo-autolinking-plugin:compileJava NO-SOURCE
> Task :gradle-plugin:react-native-gradle-plugin:compileKotlin UP-TO-DATE
> Task :expo-gradle-plugin:expo-autolinking-plugin:pluginDescriptors UP-TO-DATE
> Task :gradle-plugin:react-native-gradle-plugin:compileJava NO-SOURCE
> Task :gradle-plugin:react-native-gradle-plugin:pluginDescriptors UP-TO-DATE
> Task :expo-gradle-plugin:expo-autolinking-plugin:processResources UP-TO-DATE
> Task :expo-gradle-plugin:expo-autolinking-plugin:classes UP-TO-DATE
> Task :gradle-plugin:react-native-gradle-plugin:processResources UP-TO-DATE
> Task :gradle-plugin:react-native-gradle-plugin:classes UP-TO-DATE
> Task :expo-gradle-plugin:expo-autolinking-plugin:jar UP-TO-DATE
> Task :gradle-plugin:react-native-gradle-plugin:jar UP-TO-DATE
> Task :expo-module-gradle-plugin:compileKotlin UP-TO-DATE
> Task :expo-module-gradle-plugin:compileJava NO-SOURCE
> Task :expo-module-gradle-plugin:classes UP-TO-DATE
> Task :expo-module-gradle-plugin:jar UP-TO-DATE

> Configure project :
[32m[ExpoRootProject][0m Using the following versions:
  - buildTools:  [32m34.0.0[0m
  - minSdk:      [32m24[0m
  - compileSdk:  [32m34[0m
  - targetSdk:   [32m34[0m
  - ndk:         [32m26.3.11579264[0m
  - kotlin:      [32m2.1.20[0m
  - ksp:         [32m2.1.20-2.0.1[0m

> Configure project :expo

Using expo modules
  - [32mexpo-constants[0m (18.0.12)
  - [32mexpo-modules-core[0m (3.0.29)
  - [33m[📦][0m [32mexpo-application[0m (7.0.8)
  - [33m[📦][0m [32mexpo-asset[0m (12.0.12)
  - [33m[📦][0m [32mexpo-device[0m (8.0.10)
  - [33m[📦][0m [32mexpo-file-system[0m (19.0.21)
  - [33m[📦][0m [32mexpo-font[0m (14.0.10)
  - [33m[📦][0m [32mexpo-haptics[0m (15.0.8)
  - [33m[📦][0m [32mexpo-image[0m (3.0.11)
  - [33m[📦][0m [32mexpo-image-loader[0m (6.0.0)
  - [33m[📦][0m [32mexpo-image-picker[0m (17.0.10)
  - [33m[📦][0m [32mexpo-keep-awake[0m (15.0.8)
  - [33m[📦][0m [32mexpo-linear-gradient[0m (15.0.8)
  - [33m[📦][0m [32mexpo-linking[0m (8.0.11)
  - [33m[📦][0m [32mexpo-location[0m (19.0.8)
  - [33m[📦][0m [32mexpo-notifications[0m (0.32.15)
  - [33m[📦][0m [32mexpo-secure-store[0m (15.0.8)
  - [33m[📦][0m [32mexpo-splash-screen[0m (31.0.13)
  - [33m[📦][0m [32mexpo-system-ui[0m (6.0.9)
  - [33m[📦][0m [32mexpo-web-browser[0m (15.0.10)

WARNING: The specified Android SDK Build Tools version (34.0.0) is ignored, as it is below the minimum supported version (35.0.0) for Android Gradle Plugin 8.11.0.
Android SDK Build Tools 35.0.0 will be used.
To suppress this warning, remove "buildToolsVersion '34.0.0'" from your build.gradle file, as each version of the Android Gradle Plugin now has a default version of the build tools.

> Task :react-native-reanimated:cleanCmakeCache
> Task :react-native-gesture-handler:externalNativeBuildCleanDebug
> Task :app:externalNativeBuildCleanDebug
> Task :react-native-reanimated:externalNativeBuildCleanDebug
> Task :react-native-gesture-handler:externalNativeBuildCleanRelease
> Task :app:externalNativeBuildCleanDebugOptimized
> Task :react-native-reanimated:externalNativeBuildCleanRelease
> Task :app:externalNativeBuildCleanRelease
> Task :react-native-worklets:cleanCmakeCache
> Task :react-native-worklets:externalNativeBuildCleanDebug
> Task :react-native-worklets:externalNativeBuildCleanRelease
> Task :expo:clean
> Task :expo:checkKotlinGradlePluginConfigurationErrors SKIPPED
> Task :expo-constants:clean
> Task :expo-constants:checkKotlinGradlePluginConfigurationErrors SKIPPED
> Task :react-native-gesture-handler:clean
> Task :react-native-gesture-handler:checkKotlinGradlePluginConfigurationErrors SKIPPED
> Task :react-native-maps:clean
> Task :react-native-maps:preBuild UP-TO-DATE
> Task :react-native-maps:preDebugBuild UP-TO-DATE
> Task :react-native-reanimated:clean
> Task :react-native-pager-view:clean
> Task :react-native-pager-view:checkKotlinGradlePluginConfigurationErrors SKIPPED
> Task :react-native-async-storage_async-storage:clean
> Task :react-native-safe-area-context:clean
> Task :react-native-safe-area-context:checkKotlinGradlePluginConfigurationErrors SKIPPED

> Task :react-native-screens:externalNativeBuildCleanDebug
Clean rnscreens-arm64-v8a

> Task :react-native-screens:externalNativeBuildCleanRelease
> Task :react-native-worklets:clean

> Task :expo-modules-core:externalNativeBuildCleanDebug
Clean fabric-arm64-v8a, expo-modules-core-arm64-v8a

> Task :expo-modules-core:externalNativeBuildCleanRelease
> Task :react-native-maps:writeDebugAarMetadata
> Task :react-native-maps:generateDebugResValues
> Task :react-native-maps:generateDebugResources
> Task :react-native-reanimated:assertMinimalReactNativeVersionTask
> Task :react-native-reanimated:assertNewArchitectureEnabledTask SKIPPED
> Task :react-native-worklets:assertMinimalReactNativeVersionTask
> Task :react-native-worklets:assertNewArchitectureEnabledTask SKIPPED
> Task :react-native-maps:packageDebugResources
> Task :react-native-maps:extractDeepLinksDebug
> Task :app:clean
> Task :react-native-screens:clean
> Task :app:generateAutolinkingNewArchitectureFiles
> Task :react-native-maps:compileDebugLibraryResources
> Task :react-native-maps:processDebugManifest
> Task :app:generateAutolinkingPackageList
> Task :app:generateCodegenSchemaFromJavaScript SKIPPED
> Task :app:generateCodegenArtifactsFromSchema SKIPPED
> Task :app:generateReactNativeEntryPoint
> Task :app:checkKotlinGradlePluginConfigurationErrors SKIPPED
> Task :react-native-reanimated:assertWorkletsVersionTask
> Task :app:processDebugGoogleServices

> Task :expo-constants:createExpoConfig
env: load .env
env: export EXPO_PUBLIC_SUPABASE_URL EXPO_PUBLIC_SUPABASE_ANON_KEY

> Task :expo-constants:preBuild
> Task :expo-constants:preDebugBuild
> Task :expo-constants:writeDebugAarMetadata
> Task :expo-constants:generateDebugResValues
> Task :expo-constants:generateDebugResources
> Task :react-native-gesture-handler:generateCodegenSchemaFromJavaScript
> Task :expo-constants:packageDebugResources
> Task :react-native-safe-area-context:generateCodegenSchemaFromJavaScript
> Task :expo-constants:extractDeepLinksDebug
> Task :react-native-pager-view:generateCodegenSchemaFromJavaScript
> Task :expo-constants:processDebugManifest
> Task :react-native-async-storage_async-storage:generateCodegenSchemaFromJavaScript
> Task :expo-constants:compileDebugLibraryResources
> Task :react-native-worklets:generateCodegenSchemaFromJavaScript
> Task :react-native-reanimated:generateCodegenSchemaFromJavaScript
> Task :expo-modules-core:clean
> Task :expo-modules-core:preBuild UP-TO-DATE
> Task :expo-modules-core:preDebugBuild UP-TO-DATE
> Task :expo-modules-core:generateDebugResValues
> Task :expo-modules-core:generateDebugResources
> Task :react-native-screens:generateCodegenSchemaFromJavaScript
> Task :expo-modules-core:packageDebugResources
> Task :expo-modules-core:extractDeepLinksDebug
> Task :expo:generatePackagesList
> Task :expo:preBuild
> Task :expo:preDebugBuild
> Task :react-native-gesture-handler:generateCodegenArtifactsFromSchema
> Task :react-native-gesture-handler:preBuild
> Task :react-native-gesture-handler:preDebugBuild
> Task :react-native-safe-area-context:generateCodegenArtifactsFromSchema
> Task :react-native-safe-area-context:preBuild
> Task :react-native-safe-area-context:preDebugBuild
> Task :expo:writeDebugAarMetadata
> Task :expo:generateDebugResValues
> Task :react-native-pager-view:generateCodegenArtifactsFromSchema
> Task :react-native-pager-view:preBuild
> Task :react-native-pager-view:preDebugBuild
> Task :expo:generateDebugResources
> Task :react-native-gesture-handler:writeDebugAarMetadata
> Task :react-native-gesture-handler:generateDebugResValues
> Task :react-native-gesture-handler:generateDebugResources
> Task :expo:packageDebugResources
> Task :react-native-pager-view:generateDebugResValues
> Task :react-native-async-storage_async-storage:generateCodegenArtifactsFromSchema
> Task :react-native-async-storage_async-storage:preBuild
> Task :react-native-async-storage_async-storage:preDebugBuild
> Task :react-native-pager-view:generateDebugResources
> Task :react-native-gesture-handler:packageDebugResources
> Task :react-native-async-storage_async-storage:generateDebugResValues

> Task :expo-modules-core:processDebugManifest
C:\Users\jean antony\Desktop\app\nawi-delivery\node_modules\expo-modules-core\android\src\main\AndroidManifest.xml:8:9-11:45 Warning:
	meta-data#com.facebook.soloader.enabled@android:value was tagged at AndroidManifest.xml:8 to replace other declarations but no other declaration present

> Task :react-native-safe-area-context:generateDebugResValues
> Task :react-native-async-storage_async-storage:generateDebugResources
> Task :react-native-safe-area-context:generateDebugResources
> Task :react-native-pager-view:packageDebugResources
> Task :expo:extractDeepLinksDebug
> Task :expo-modules-core:compileDebugLibraryResources
> Task :react-native-pager-view:writeDebugAarMetadata
> Task :react-native-safe-area-context:writeDebugAarMetadata
> Task :react-native-async-storage_async-storage:writeDebugAarMetadata
> Task :expo-modules-core:writeDebugAarMetadata
> Task :react-native-async-storage_async-storage:packageDebugResources
> Task :expo-modules-core:checkKotlinGradlePluginConfigurationErrors SKIPPED
> Task :react-native-gesture-handler:extractDeepLinksDebug
> Task :react-native-pager-view:extractDeepLinksDebug
> Task :expo-modules-core:parseDebugLocalResources
> Task :expo-constants:parseDebugLocalResources
> Task :react-native-maps:parseDebugLocalResources
> Task :react-native-async-storage_async-storage:extractDeepLinksDebug
> Task :react-native-safe-area-context:packageDebugResources
> Task :expo-modules-core:generateDebugBuildConfig
> Task :expo-constants:generateDebugBuildConfig
> Task :react-native-maps:generateDebugBuildConfig
> Task :expo:compileDebugLibraryResources
> Task :react-native-safe-area-context:extractDeepLinksDebug
> Task :expo:processDebugManifest
> Task :expo:parseDebugLocalResources
> Task :expo:generateDebugBuildConfig
> Task :react-native-gesture-handler:compileDebugLibraryResources
> Task :react-native-gesture-handler:processDebugManifest
> Task :expo-modules-core:generateDebugRFile
> Task :react-native-async-storage_async-storage:compileDebugLibraryResources
> Task :react-native-pager-view:processDebugManifest

> Task :react-native-async-storage_async-storage:processDebugManifest
package="com.reactnativecommunity.asyncstorage" found in source AndroidManifest.xml: C:\Users\jean antony\Desktop\app\nawi-delivery\node_modules\@react-native-async-storage\async-storage\android\src\main\AndroidManifest.xml.
Setting the namespace via the package attribute in the source AndroidManifest.xml is no longer supported, and the value is ignored.
Recommendation: remove package="com.reactnativecommunity.asyncstorage" from the source AndroidManifest.xml: C:\Users\jean antony\Desktop\app\nawi-delivery\node_modules\@react-native-async-storage\async-storage\android\src\main\AndroidManifest.xml.

> Task :react-native-gesture-handler:parseDebugLocalResources
> Task :expo-constants:javaPreCompileDebug
> Task :react-native-pager-view:compileDebugLibraryResources
> Task :react-native-maps:generateDebugRFile
> Task :react-native-maps:javaPreCompileDebug
> Task :react-native-async-storage_async-storage:parseDebugLocalResources
> Task :react-native-safe-area-context:compileDebugLibraryResources
> Task :react-native-gesture-handler:generateDebugBuildConfig

> Task :react-native-safe-area-context:processDebugManifest
package="com.th3rdwave.safeareacontext" found in source AndroidManifest.xml: C:\Users\jean antony\Desktop\app\nawi-delivery\node_modules\react-native-safe-area-context\android\src\main\AndroidManifest.xml.
Setting the namespace via the package attribute in the source AndroidManifest.xml is no longer supported, and the value is ignored.
Recommendation: remove package="com.th3rdwave.safeareacontext" from the source AndroidManifest.xml: C:\Users\jean antony\Desktop\app\nawi-delivery\node_modules\react-native-safe-area-context\android\src\main\AndroidManifest.xml.

> Task :react-native-async-storage_async-storage:generateDebugBuildConfig
> Task :expo-constants:mergeDebugShaders
> Task :expo:javaPreCompileDebug
> Task :react-native-safe-area-context:parseDebugLocalResources
> Task :expo-constants:compileDebugShaders NO-SOURCE
> Task :expo-constants:generateDebugAssets UP-TO-DATE
> Task :react-native-safe-area-context:generateDebugBuildConfig
> Task :expo:generateDebugRFile
> Task :react-native-pager-view:generateDebugBuildConfig
> Task :expo-constants:mergeDebugAssets
> Task :react-native-pager-view:parseDebugLocalResources
> Task :react-native-gesture-handler:javaPreCompileDebug
> Task :react-native-async-storage_async-storage:javaPreCompileDebug
> Task :expo:mergeDebugShaders
> Task :react-native-pager-view:javaPreCompileDebug
> Task :expo:compileDebugShaders NO-SOURCE
> Task :expo:generateDebugAssets UP-TO-DATE
> Task :react-native-gesture-handler:generateDebugRFile
> Task :react-native-safe-area-context:javaPreCompileDebug
> Task :react-native-async-storage_async-storage:mergeDebugShaders
> Task :react-native-gesture-handler:mergeDebugShaders
> Task :react-native-safe-area-context:generateDebugRFile
> Task :react-native-async-storage_async-storage:compileDebugShaders NO-SOURCE
> Task :react-native-gesture-handler:compileDebugShaders NO-SOURCE
> Task :react-native-async-storage_async-storage:generateDebugAssets UP-TO-DATE
> Task :react-native-gesture-handler:generateDebugAssets UP-TO-DATE
> Task :react-native-async-storage_async-storage:generateDebugRFile
> Task :expo:mergeDebugAssets
> Task :react-native-safe-area-context:mergeDebugShaders
> Task :expo-constants:mergeDebugJniLibFolders
> Task :react-native-gesture-handler:mergeDebugAssets
> Task :expo-constants:mergeDebugNativeLibs NO-SOURCE
> Task :react-native-async-storage_async-storage:mergeDebugAssets
> Task :react-native-pager-view:mergeDebugShaders
> Task :expo-constants:stripDebugDebugSymbols NO-SOURCE
> Task :react-native-pager-view:compileDebugShaders NO-SOURCE
> Task :react-native-pager-view:generateDebugRFile
> Task :expo-constants:copyDebugJniLibsProjectOnly
> Task :react-native-gesture-handler:mergeDebugJniLibFolders
> Task :expo:mergeDebugJniLibFolders
> Task :expo:mergeDebugNativeLibs NO-SOURCE
> Task :react-native-gesture-handler:extractDeepLinksForAarDebug UP-TO-DATE
> Task :react-native-gesture-handler:prepareDebugArtProfile UP-TO-DATE
> Task :expo-constants:copyDebugJniLibsProjectAndLocalJars
> Task :react-native-gesture-handler:prepareLintJarForPublish UP-TO-DATE
> Task :expo-constants:extractDeepLinksForAarDebug UP-TO-DATE
> Task :expo-constants:prepareDebugArtProfile UP-TO-DATE
> Task :expo:stripDebugDebugSymbols NO-SOURCE
> Task :expo-constants:prepareLintJarForPublish UP-TO-DATE
> Task :expo:copyDebugJniLibsProjectOnly
> Task :expo-constants:generateDebugRFile
> Task :expo:extractDeepLinksForAarDebug UP-TO-DATE
> Task :expo:prepareDebugArtProfile UP-TO-DATE
> Task :expo:copyDebugJniLibsProjectAndLocalJars
> Task :expo:prepareLintJarForPublish UP-TO-DATE
> Task :react-native-worklets:generateCodegenArtifactsFromSchema
> Task :react-native-reanimated:generateCodegenArtifactsFromSchema
> Task :react-native-worklets:prepareWorkletsHeadersForPrefabs
> Task :react-native-worklets:preBuild
> Task :react-native-worklets:preDebugBuild
> Task :react-native-worklets:writeDebugAarMetadata
> Task :react-native-worklets:generateDebugResValues
> Task :react-native-worklets:generateDebugResources
> Task :react-native-worklets:packageDebugResources
> Task :react-native-screens:generateCodegenArtifactsFromSchema
> Task :react-native-screens:preBuild
> Task :react-native-screens:preDebugBuild
> Task :react-native-worklets:extractDeepLinksDebug
> Task :react-native-screens:writeDebugAarMetadata
> Task :react-native-screens:generateDebugResValues
> Task :react-native-worklets:compileDebugLibraryResources
> Task :react-native-screens:generateDebugResources
> Task :react-native-worklets:processDebugManifest
> Task :react-native-worklets:parseDebugLocalResources
> Task :react-native-worklets:generateDebugBuildConfig
> Task :react-native-worklets:javaPreCompileDebug
> Task :react-native-worklets:generateDebugRFile
> Task :react-native-worklets:mergeDebugShaders
> Task :react-native-reanimated:prepareReanimatedHeadersForPrefabs
> Task :react-native-reanimated:preBuild
> Task :app:preBuild
> Task :react-native-reanimated:preDebugBuild
> Task :app:preDebugBuild
> Task :app:mergeDebugNativeDebugMetadata NO-SOURCE
> Task :react-native-reanimated:writeDebugAarMetadata
> Task :react-native-screens:packageDebugResources
> Task :app:generateDebugBuildConfig
> Task :react-native-reanimated:generateDebugResValues
> Task :react-native-screens:extractDeepLinksDebug
> Task :react-native-reanimated:generateDebugResources
> Task :react-native-reanimated:packageDebugResources
> Task :app:generateDebugResValues
> Task :react-native-screens:processDebugManifest
> Task :react-native-screens:checkKotlinGradlePluginConfigurationErrors SKIPPED
> Task :react-native-screens:generateDebugBuildConfig
> Task :react-native-reanimated:extractDeepLinksDebug
> Task :react-native-screens:javaPreCompileDebug
> Task :app:checkDebugAarMetadata FAILED
> Task :react-native-screens:parseDebugLocalResources
> Task :app:mapDebugSourceSetPaths
> Task :react-native-screens:mergeDebugShaders
> Task :react-native-screens:compileDebugLibraryResources
> Task :react-native-reanimated:processDebugManifest

> Task :react-native-pager-view:compileDebugKotlin
w: file:///C:/Users/jean%20antony/Desktop/app/nawi-delivery/node_modules/react-native-pager-view/android/src/main/java/com/reactnativepagerview/PagerViewViewManager.kt:10:8 'object MapBuilder : Any' is deprecated. Use Kotlin's built-in collections extensions.
w: file:///C:/Users/jean%20antony/Desktop/app/nawi-delivery/node_modules/react-native-pager-view/android/src/main/java/com/reactnativepagerview/PagerViewViewManager.kt:41:19 'fun receiveCommand(view: NestedScrollableHost, commandName: String, args: ReadableArray?): Unit' is deprecated. args is not nullable, please update your method signature.
w: file:///C:/Users/jean%20antony/Desktop/app/nawi-delivery/node_modules/react-native-pager-view/android/src/main/java/com/reactnativepagerview/PagerViewViewManager.kt:91:26 The corresponding parameter in the supertype 'PagerViewViewManager' is named 'parent'. This may cause problems when calling this function with named arguments.
w: file:///C:/Users/jean%20antony/Desktop/app/nawi-delivery/node_modules/react-native-pager-view/android/src/main/java/com/reactnativepagerview/PagerViewViewManager.kt:204:16 'object MapBuilder : Any' is deprecated. Use Kotlin's built-in collections extensions.
w: file:///C:/Users/jean%20antony/Desktop/app/nawi-delivery/node_modules/react-native-pager-view/android/src/main/java/com/reactnativepagerview/PagerViewViewManager.kt:205:45 'object MapBuilder : Any' is deprecated. Use Kotlin's built-in collections extensions.
w: file:///C:/Users/jean%20antony/Desktop/app/nawi-delivery/node_modules/react-native-pager-view/android/src/main/java/com/reactnativepagerview/PagerViewViewManager.kt:206:57 'object MapBuilder : Any' is deprecated. Use Kotlin's built-in collections extensions.
w: file:///C:/Users/jean%20antony/Desktop/app/nawi-delivery/node_modules/react-native-pager-view/android/src/main/java/com/reactnativepagerview/PagerViewViewManager.kt:207:47 'object MapBuilder : Any' is deprecated. Use Kotlin's built-in collections extensions.
w: file:///C:/Users/jean%20antony/Desktop/app/nawi-delivery/node_modules/react-native-pager-view/android/src/main/java/com/reactnativepagerview/PagerViewViewPackage.kt:10:18 This declaration overrides a deprecated member but is not marked as deprecated itself. Add the '@Deprecated' annotation or suppress the diagnostic.
w: file:///C:/Users/jean%20antony/Desktop/app/nawi-delivery/node_modules/react-native-pager-view/android/src/main/java/com/reactnativepagerview/event/PageScrollEvent.kt:6:8 'interface RCTEventEmitter : JavaScriptModule' is deprecated. Use [RCTModernEventEmitter] instead.
w: file:///C:/Users/jean%20antony/Desktop/app/nawi-delivery/node_modules/react-native-pager-view/android/src/main/java/com/reactnativepagerview/event/PageScrollEvent.kt:21:82 'constructor<T : Event<T>>(viewTag: Int): Event<T>' is deprecated. Use constructor with explicit surfaceId instead.
w: file:///C:/Users/jean%20antony/Desktop/app/nawi-delivery/node_modules/react-native-pager-view/android/src/main/java/com/reactnativepagerview/event/PageScrollEvent.kt:27:18 This declaration overrides a deprecated member but is not marked as deprecated itself. Add the '@Deprecated' annotation or suppress the diagnostic.
w: file:///C:/Users/jean%20antony/Desktop/app/nawi-delivery/node_modules/react-native-pager-view/android/src/main/java/com/reactnativepagerview/event/PageScrollEvent.kt:27:44 'interface RCTEventEmitter : JavaScriptModule' is deprecated. Use [RCTModernEventEmitter] instead.
w: file:///C:/Users/jean%20antony/Desktop/app/nawi-delivery/node_modules/react-native-pager-view/android/src/main/java/com/reactnativepagerview/event/PageScrollEvent.kt:28:25 'fun receiveEvent(targetTag: Int, eventName: String, params: WritableMap?): Unit' is deprecated. Use [RCTModernEventEmitter.receiveEvent] instead.
w: file:///C:/Users/jean%20antony/Desktop/app/nawi-delivery/node_modules/react-native-pager-view/android/src/main/java/com/reactnativepagerview/event/PageScrollStateChangedEvent.kt:6:8 'interface RCTEventEmitter : JavaScriptModule' is deprecated. Use [RCTModernEventEmitter] instead.
w: file:///C:/Users/jean%20antony/Desktop/app/nawi-delivery/node_modules/react-native-pager-view/android/src/main/java/com/reactnativepagerview/event/PageScrollStateChangedEvent.kt:15:89 'constructor<T : Event<T>>(viewTag: Int): Event<T>' is deprecated. Use constructor with explicit surfaceId instead.
w: file:///C:/Users/jean%20antony/Desktop/app/nawi-delivery/node_modules/react-native-pager-view/android/src/main/java/com/reactnativepagerview/event/PageScrollStateChangedEvent.kt:20:18 This declaration overrides a deprecated member but is not marked as deprecated itself. Add the '@Deprecated' annotation or suppress the diagnostic.
w: file:///C:/Users/jean%20antony/Desktop/app/nawi-delivery/node_modules/react-native-pager-view/android/src/main/java/com/reactnativepagerview/event/PageScrollStateChangedEvent.kt:20:44 'interface RCTEventEmitter : JavaScriptModule' is deprecated. Use [RCTModernEventEmitter] instead.
w: file:///C:/Users/jean%20antony/Desktop/app/nawi-delivery/node_modules/react-native-pager-view/android/src/main/java/com/reactnativepagerview/event/PageScrollStateChangedEvent.kt:21:25 'fun receiveEvent(targetTag: Int, eventName: String, params: WritableMap?): Unit' is deprecated. Use [RCTModernEventEmitter.receiveEvent] instead.
w: file:///C:/Users/jean%20antony/Desktop/app/nawi-delivery/node_modules/react-native-pager-view/android/src/main/java/com/reactnativepagerview/event/PageSelectedEvent.kt:6:8 'interface RCTEventEmitter : JavaScriptModule' is deprecated. Use [RCTModernEventEmitter] instead.
w: file:///C:/Users/jean%20antony/Desktop/app/nawi-delivery/node_modules/react-native-pager-view/android/src/main/java/com/reactnativepagerview/event/PageSelectedEvent.kt:15:69 'constructor<T : Event<T>>(viewTag: Int): Event<T>' is deprecated. Use constructor with explicit surfaceId instead.
w: file:///C:/Users/jean%20antony/Desktop/app/nawi-delivery/node_modules/react-native-pager-view/android/src/main/java/com/reactnativepagerview/event/PageSelectedEvent.kt:24:18 This declaration overrides a deprecated member but is not marked as deprecated itself. Add the '@Deprecated' annotation or suppress the diagnostic.
w: file:///C:/Users/jean%20antony/Desktop/app/nawi-delivery/node_modules/react-native-pager-view/android/src/main/java/com/reactnativepagerview/event/PageSelectedEvent.kt:24:44 'interface RCTEventEmitter : JavaScriptModule' is deprecated. Use [RCTModernEventEmitter] instead.
w: file:///C:/Users/jean%20antony/Desktop/app/nawi-delivery/node_modules/react-native-pager-view/android/src/main/java/com/reactnativepagerview/event/PageSelectedEvent.kt:25:25 'fun receiveEvent(targetTag: Int, eventName: String, params: WritableMap?): Unit' is deprecated. Use [RCTModernEventEmitter.receiveEvent] instead.

> Task :react-native-safe-area-context:compileDebugKotlin
w: file:///C:/Users/jean%20antony/Desktop/app/nawi-delivery/node_modules/react-native-safe-area-context/android/src/main/java/com/th3rdwave/safeareacontext/SafeAreaView.kt:59:23 'val uiImplementation: UIImplementation!' is deprecated. Deprecated in Java.

> Task :react-native-worklets:compileDebugJavaWithJavac

> Task :react-native-async-storage_async-storage:compileDebugJavaWithJavac

> Task :react-native-maps:compileDebugJavaWithJavac

> Task :expo-modules-core:compileDebugKotlin
w: file:///C:/Users/jean%20antony/Desktop/app/nawi-delivery/node_modules/expo-modules-core/android/src/main/java/expo/modules/adapters/react/apploader/RNHeadlessAppLoader.kt:48:87 'val reactNativeHost: ReactNativeHost' is deprecated. You should not use ReactNativeHost directly in the New Architecture. Use ReactHost instead.
w: file:///C:/Users/jean%20antony/Desktop/app/nawi-delivery/node_modules/expo-modules-core/android/src/main/java/expo/modules/adapters/react/apploader/RNHeadlessAppLoader.kt:91:85 'val reactNativeHost: ReactNativeHost' is deprecated. You should not use ReactNativeHost directly in the New Architecture. Use ReactHost instead.
w: file:///C:/Users/jean%20antony/Desktop/app/nawi-delivery/node_modules/expo-modules-core/android/src/main/java/expo/modules/adapters/react/apploader/RNHeadlessAppLoader.kt:120:83 'val reactNativeHost: ReactNativeHost' is deprecated. You should not use ReactNativeHost directly in the New Architecture. Use ReactHost instead.
w: file:///C:/Users/jean%20antony/Desktop/app/nawi-delivery/node_modules/expo-modules-core/android/src/main/java/expo/modules/apploader/AppLoaderProvider.kt:34:52 Unchecked cast of 'Class<*>!' to 'Class<out HeadlessAppLoader>'.
w: file:///C:/Users/jean%20antony/Desktop/app/nawi-delivery/node_modules/expo-modules-core/android/src/main/java/expo/modules/kotlin/AppContext.kt:30:8 'typealias ErrorManagerModule = JSLoggerModule' is deprecated. Use JSLoggerModule instead.
w: file:///C:/Users/jean%20antony/Desktop/app/nawi-delivery/node_modules/expo-modules-core/android/src/main/java/expo/modules/kotlin/AppContext.kt:253:21 'typealias ErrorManagerModule = JSLoggerModule' is deprecated. Use JSLoggerModule instead.
w: file:///C:/Users/jean%20antony/Desktop/app/nawi-delivery/node_modules/expo-modules-core/android/src/main/java/expo/modules/kotlin/AppContext.kt:343:21 'val DEFAULT: Int' is deprecated. UIManagerType.DEFAULT will be deleted in the next release of React Native. Use [LEGACY] instead.
w: file:///C:/Users/jean%20antony/Desktop/app/nawi-delivery/node_modules/expo-modules-core/android/src/main/java/expo/modules/kotlin/defaultmodules/NativeModulesProxyModule.kt:16:5 'fun Constants(legacyConstantsProvider: () -> Map<String, Any?>): Unit' is deprecated. Use `Constant` or `Property` instead.
w: file:///C:/Users/jean%20antony/Desktop/app/nawi-delivery/node_modules/expo-modules-core/android/src/main/java/expo/modules/kotlin/jni/PromiseImpl.kt:65:51 'val errorManager: JSLoggerModule?' is deprecated. Use AppContext.jsLogger instead.
w: file:///C:/Users/jean%20antony/Desktop/app/nawi-delivery/node_modules/expo-modules-core/android/src/main/java/expo/modules/kotlin/jni/PromiseImpl.kt:69:22 'fun reportExceptionToLogBox(codedException: CodedException): Unit' is deprecated. Use appContext.jsLogger.error(...) instead.
w: file:///C:/Users/jean%20antony/Desktop/app/nawi-delivery/node_modules/expo-modules-core/android/src/main/java/expo/modules/kotlin/views/ViewDefinitionBuilder.kt:464:16 'val errorManager: JSLoggerModule?' is deprecated. Use AppContext.jsLogger instead.
w: file:///C:/Users/jean%20antony/Desktop/app/nawi-delivery/node_modules/expo-modules-core/android/src/main/java/expo/modules/kotlin/views/ViewDefinitionBuilder.kt:464:30 'fun reportExceptionToLogBox(codedException: CodedException): Unit' is deprecated. Use appContext.jsLogger.error(...) instead.
w: file:///C:/Users/jean%20antony/Desktop/app/nawi-delivery/node_modules/expo-modules-core/android/src/main/java/expo/modules/kotlin/views/ViewManagerDefinition.kt:41:16 'val errorManager: JSLoggerModule?' is deprecated. Use AppContext.jsLogger instead.
w: file:///C:/Users/jean%20antony/Desktop/app/nawi-delivery/node_modules/expo-modules-core/android/src/main/java/expo/modules/kotlin/views/ViewManagerDefinition.kt:41:30 'fun reportExceptionToLogBox(codedException: CodedException): Unit' is deprecated. Use appContext.jsLogger.error(...) instead.

[Incubating] Problems report is available at: file:///C:/Users/jean%20antony/Desktop/app/nawi-delivery/android/build/reports/problems/problems-report.html

Deprecated Gradle features were used in this build, making it incompatible with Gradle 9.0.

You can use '--warning-mode all' to show the individual deprecation warnings and determine if they come from your own scripts or plugins.

For more on this, please refer to https://docs.gradle.org/8.14.3/userguide/command_line_interface.html#sec:command_line_warnings in the Gradle documentation.
228 actionable tasks: 195 executed, 33 up-to-date
