> Task :gradle-plugin:settings-plugin:checkKotlinGradlePluginConfigurationErrors SKIPPED
> Task :expo-gradle-plugin:expo-autolinking-settings-plugin:checkKotlinGradlePluginConfigurationErrors SKIPPED
> Task :gradle-plugin:shared:checkKotlinGradlePluginConfigurationErrors SKIPPED
> Task :expo-gradle-plugin:expo-autolinking-plugin-shared:checkKotlinGradlePluginConfigurationErrors SKIPPED
> Task :gradle-plugin:settings-plugin:pluginDescriptors UP-TO-DATE
> Task :expo-gradle-plugin:expo-autolinking-settings-plugin:pluginDescriptors UP-TO-DATE
> Task :expo-gradle-plugin:expo-autolinking-settings-plugin:processResources UP-TO-DATE
> Task :gradle-plugin:settings-plugin:processResources UP-TO-DATE
> Task :gradle-plugin:shared:compileKotlin UP-TO-DATE
> Task :expo-gradle-plugin:expo-autolinking-plugin-shared:compileKotlin UP-TO-DATE
> Task :gradle-plugin:shared:compileJava NO-SOURCE
> Task :expo-gradle-plugin:expo-autolinking-plugin-shared:compileJava NO-SOURCE
> Task :gradle-plugin:shared:processResources NO-SOURCE
> Task :expo-gradle-plugin:expo-autolinking-plugin-shared:processResources NO-SOURCE
> Task :expo-gradle-plugin:expo-autolinking-plugin-shared:classes UP-TO-DATE
> Task :gradle-plugin:shared:classes UP-TO-DATE
> Task :gradle-plugin:shared:jar UP-TO-DATE
> Task :expo-gradle-plugin:expo-autolinking-plugin-shared:jar UP-TO-DATE
> Task :gradle-plugin:settings-plugin:compileKotlin UP-TO-DATE
> Task :gradle-plugin:settings-plugin:compileJava NO-SOURCE
> Task :gradle-plugin:settings-plugin:classes UP-TO-DATE
> Task :expo-gradle-plugin:expo-autolinking-settings-plugin:compileKotlin UP-TO-DATE
> Task :expo-gradle-plugin:expo-autolinking-settings-plugin:compileJava NO-SOURCE
> Task :expo-gradle-plugin:expo-autolinking-settings-plugin:classes UP-TO-DATE
> Task :gradle-plugin:settings-plugin:jar UP-TO-DATE
> Task :expo-gradle-plugin:expo-autolinking-settings-plugin:jar UP-TO-DATE
> Task :expo-gradle-plugin:expo-autolinking-plugin:checkKotlinGradlePluginConfigurationErrors SKIPPED
> Task :gradle-plugin:react-native-gradle-plugin:checkKotlinGradlePluginConfigurationErrors SKIPPED
> Task :expo-module-gradle-plugin:checkKotlinGradlePluginConfigurationErrors SKIPPED
> Task :expo-module-gradle-plugin:pluginDescriptors UP-TO-DATE
> Task :expo-module-gradle-plugin:processResources UP-TO-DATE
> Task :expo-gradle-plugin:expo-autolinking-plugin:compileKotlin UP-TO-DATE
> Task :expo-gradle-plugin:expo-autolinking-plugin:compileJava NO-SOURCE
> Task :gradle-plugin:react-native-gradle-plugin:compileKotlin UP-TO-DATE
> Task :expo-gradle-plugin:expo-autolinking-plugin:pluginDescriptors UP-TO-DATE
> Task :gradle-plugin:react-native-gradle-plugin:compileJava NO-SOURCE
> Task :expo-gradle-plugin:expo-autolinking-plugin:processResources UP-TO-DATE
> Task :gradle-plugin:react-native-gradle-plugin:pluginDescriptors UP-TO-DATE
> Task :expo-gradle-plugin:expo-autolinking-plugin:classes UP-TO-DATE
> Task :gradle-plugin:react-native-gradle-plugin:processResources UP-TO-DATE
> Task :gradle-plugin:react-native-gradle-plugin:classes UP-TO-DATE
> Task :expo-gradle-plugin:expo-autolinking-plugin:jar UP-TO-DATE
> Task :gradle-plugin:react-native-gradle-plugin:jar UP-TO-DATE
> Task :expo-module-gradle-plugin:compileKotlin UP-TO-DATE
> Task :expo-module-gradle-plugin:compileJava NO-SOURCE
> Task :expo-module-gradle-plugin:classes UP-TO-DATE
> Task :expo-module-gradle-plugin:jar UP-TO-DATE

> Configure project :
[32m[ExpoRootProject][0m Using the following versions:
  - buildTools:  [32m33.0.0[0m
  - minSdk:      [32m21[0m
  - compileSdk:  [32m33[0m
  - targetSdk:   [32m33[0m
  - ndk:         [32m26.3.11579264[0m
  - kotlin:      [32m2.1.20[0m
  - ksp:         [32m2.1.20-2.0.1[0m

> Configure project :expo

Using expo modules
  - [32mexpo-constants[0m (18.0.12)
  - [32mexpo-modules-core[0m (3.0.29)
  - [33m[📦][0m [32mexpo-application[0m (7.0.8)
  - [33m[📦][0m [32mexpo-asset[0m (12.0.12)
  - [33m[📦][0m [32mexpo-device[0m (8.0.10)
  - [33m[📦][0m [32mexpo-file-system[0m (19.0.21)
  - [33m[📦][0m [32mexpo-font[0m (14.0.10)
  - [33m[📦][0m [32mexpo-haptics[0m (15.0.8)
  - [33m[📦][0m [32mexpo-image[0m (3.0.11)
  - [33m[📦][0m [32mexpo-image-loader[0m (6.0.0)
  - [33m[📦][0m [32mexpo-image-picker[0m (17.0.10)
  - [33m[📦][0m [32mexpo-keep-awake[0m (15.0.8)
  - [33m[📦][0m [32mexpo-linear-gradient[0m (15.0.8)
  - [33m[📦][0m [32mexpo-linking[0m (8.0.11)
  - [33m[📦][0m [32mexpo-location[0m (19.0.8)
  - [33m[📦][0m [32mexpo-notifications[0m (0.32.15)
  - [33m[📦][0m [32mexpo-secure-store[0m (15.0.8)
  - [33m[📦][0m [32mexpo-splash-screen[0m (31.0.13)
  - [33m[📦][0m [32mexpo-system-ui[0m (6.0.9)
  - [33m[📦][0m [32mexpo-web-browser[0m (15.0.10)

WARNING: The specified Android SDK Build Tools version (33.0.0) is ignored, as it is below the minimum supported version (35.0.0) for Android Gradle Plugin 8.11.0.
Android SDK Build Tools 35.0.0 will be used.
To suppress this warning, remove "buildToolsVersion '33.0.0'" from your build.gradle file, as each version of the Android Gradle Plugin now has a default version of the build tools.

> Task :react-native-safe-area-context:clean UP-TO-DATE
> Task :expo-constants:clean UP-TO-DATE
> Task :expo:clean UP-TO-DATE
> Task :react-native-screens:externalNativeBuildCleanDebug
> Task :react-native-gesture-handler:externalNativeBuildCleanDebug
> Task :react-native-async-storage_async-storage:clean UP-TO-DATE
> Task :expo-modules-core:externalNativeBuildCleanDebug
> Task :expo:checkKotlinGradlePluginConfigurationErrors SKIPPED
> Task :react-native-safe-area-context:checkKotlinGradlePluginConfigurationErrors SKIPPED
> Task :expo-modules-core:externalNativeBuildCleanRelease
> Task :react-native-gesture-handler:externalNativeBuildCleanRelease
> Task :expo-constants:checkKotlinGradlePluginConfigurationErrors SKIPPED
> Task :react-native-pager-view:clean UP-TO-DATE
> Task :react-native-maps:clean UP-TO-DATE
> Task :react-native-worklets:cleanCmakeCache
> Task :react-native-gesture-handler:clean UP-TO-DATE
> Task :expo-modules-core:clean UP-TO-DATE
> Task :react-native-screens:externalNativeBuildCleanRelease
> Task :expo-modules-core:preBuild UP-TO-DATE
> Task :react-native-reanimated:cleanCmakeCache
> Task :expo-modules-core:preDebugBuild UP-TO-DATE
> Task :react-native-worklets:externalNativeBuildCleanDebug
> Task :react-native-pager-view:checkKotlinGradlePluginConfigurationErrors SKIPPED
> Task :react-native-maps:preBuild UP-TO-DATE
> Task :react-native-gesture-handler:checkKotlinGradlePluginConfigurationErrors SKIPPED
> Task :react-native-worklets:externalNativeBuildCleanRelease
> Task :react-native-screens:clean UP-TO-DATE
> Task :expo-modules-core:checkKotlinGradlePluginConfigurationErrors SKIPPED
> Task :react-native-reanimated:externalNativeBuildCleanDebug
> Task :react-native-reanimated:externalNativeBuildCleanRelease
> Task :react-native-screens:checkKotlinGradlePluginConfigurationErrors SKIPPED
> Task :react-native-maps:preDebugBuild UP-TO-DATE
> Task :react-native-worklets:clean
> Task :react-native-reanimated:clean
> Task :react-native-worklets:assertMinimalReactNativeVersionTask
> Task :react-native-worklets:assertNewArchitectureEnabledTask SKIPPED
> Task :react-native-reanimated:assertMinimalReactNativeVersionTask
> Task :react-native-reanimated:assertNewArchitectureEnabledTask SKIPPED
> Task :react-native-reanimated:assertWorkletsVersionTask
> Task :app:externalNativeBuildCleanDebug
> Task :app:externalNativeBuildCleanDebugOptimized
> Task :app:externalNativeBuildCleanRelease
> Task :app:clean
> Task :react-native-maps:generateDebugResValues
> Task :expo-modules-core:generateDebugResValues
> Task :react-native-maps:writeDebugAarMetadata
> Task :expo-modules-core:writeDebugAarMetadata
> Task :app:generateAutolinkingNewArchitectureFiles
> Task :expo-modules-core:generateDebugResources
> Task :react-native-maps:generateDebugResources
> Task :app:generateAutolinkingPackageList
> Task :app:generateCodegenSchemaFromJavaScript SKIPPED
> Task :app:generateCodegenArtifactsFromSchema SKIPPED
> Task :app:generateReactNativeEntryPoint
> Task :app:checkKotlinGradlePluginConfigurationErrors SKIPPED
> Task :app:processDebugGoogleServices
> Task :expo-modules-core:packageDebugResources
> Task :react-native-maps:packageDebugResources
> Task :expo-modules-core:extractDeepLinksDebug
> Task :react-native-maps:extractDeepLinksDebug
> Task :react-native-maps:compileDebugLibraryResources
> Task :react-native-maps:processDebugManifest
> Task :expo-modules-core:compileDebugLibraryResources

> Task :expo-constants:createExpoConfig
env: load .env
env: export EXPO_PUBLIC_SUPABASE_URL EXPO_PUBLIC_SUPABASE_ANON_KEY

> Task :expo-constants:preBuild
> Task :expo-constants:preDebugBuild
> Task :expo-constants:writeDebugAarMetadata
> Task :expo-constants:generateDebugResValues
> Task :expo-constants:generateDebugResources
> Task :expo-constants:packageDebugResources
> Task :expo-constants:extractDeepLinksDebug
> Task :react-native-async-storage_async-storage:generateCodegenSchemaFromJavaScript
> Task :react-native-reanimated:generateCodegenSchemaFromJavaScript
> Task :expo-constants:processDebugManifest
> Task :react-native-gesture-handler:generateCodegenSchemaFromJavaScript
> Task :react-native-safe-area-context:generateCodegenSchemaFromJavaScript
> Task :expo-constants:compileDebugLibraryResources
> Task :react-native-pager-view:generateCodegenSchemaFromJavaScript
> Task :react-native-worklets:generateCodegenSchemaFromJavaScript
> Task :react-native-screens:generateCodegenSchemaFromJavaScript
> Task :expo:generatePackagesList
> Task :expo:preBuild
> Task :expo:preDebugBuild
> Task :expo:writeDebugAarMetadata
> Task :expo:generateDebugResValues
> Task :expo:generateDebugResources
> Task :expo:packageDebugResources
> Task :expo:extractDeepLinksDebug

> Task :expo-modules-core:processDebugManifest
C:\Users\jean antony\Desktop\app\nawi-delivery\node_modules\expo-modules-core\android\src\main\AndroidManifest.xml:8:9-11:45 Warning:
	meta-data#com.facebook.soloader.enabled@android:value was tagged at AndroidManifest.xml:8 to replace other declarations but no other declaration present

> Task :expo:compileDebugLibraryResources
> Task :expo:processDebugManifest
> Task :expo-constants:generateDebugBuildConfig
> Task :expo:generateDebugBuildConfig
> Task :expo-modules-core:generateDebugBuildConfig
> Task :expo-constants:javaPreCompileDebug
> Task :expo:javaPreCompileDebug
> Task :expo-modules-core:javaPreCompileDebug
> Task :react-native-maps:generateDebugBuildConfig
> Task :react-native-maps:javaPreCompileDebug
> Task :expo:mergeDebugShaders
> Task :expo-constants:mergeDebugShaders
> Task :expo:compileDebugShaders NO-SOURCE
> Task :expo-constants:compileDebugShaders NO-SOURCE
> Task :expo:generateDebugAssets UP-TO-DATE
> Task :expo-constants:generateDebugAssets UP-TO-DATE
> Task :expo-modules-core:mergeDebugShaders
> Task :react-native-maps:parseDebugLocalResources
> Task :expo-modules-core:parseDebugLocalResources
> Task :expo-constants:parseDebugLocalResources
> Task :expo:parseDebugLocalResources
> Task :expo-modules-core:compileDebugShaders NO-SOURCE
> Task :expo:mergeDebugAssets
> Task :expo-constants:mergeDebugAssets
> Task :expo-modules-core:generateDebugAssets UP-TO-DATE
> Task :react-native-worklets:generateCodegenArtifactsFromSchema
> Task :react-native-gesture-handler:generateCodegenArtifactsFromSchema
> Task :react-native-gesture-handler:preBuild
> Task :react-native-gesture-handler:preDebugBuild
> Task :react-native-reanimated:generateCodegenArtifactsFromSchema
> Task :react-native-async-storage_async-storage:generateCodegenArtifactsFromSchema
> Task :react-native-async-storage_async-storage:preBuild
> Task :react-native-async-storage_async-storage:preDebugBuild
> Task :react-native-maps:mergeDebugShaders
> Task :expo:mergeDebugJniLibFolders
> Task :react-native-maps:compileDebugShaders NO-SOURCE
> Task :react-native-maps:generateDebugAssets UP-TO-DATE
> Task :react-native-gesture-handler:writeDebugAarMetadata
> Task :react-native-async-storage_async-storage:writeDebugAarMetadata
> Task :expo-modules-core:mergeDebugAssets
> Task :react-native-gesture-handler:generateDebugResValues
> Task :react-native-pager-view:generateCodegenArtifactsFromSchema
> Task :react-native-safe-area-context:generateCodegenArtifactsFromSchema
> Task :expo:mergeDebugNativeLibs NO-SOURCE
> Task :react-native-pager-view:preBuild
> Task :react-native-safe-area-context:preBuild
> Task :react-native-safe-area-context:preDebugBuild
> Task :react-native-pager-view:preDebugBuild
> Task :react-native-async-storage_async-storage:generateDebugResValues
> Task :react-native-maps:mergeDebugAssets
> Task :react-native-safe-area-context:writeDebugAarMetadata
> Task :react-native-async-storage_async-storage:generateDebugResources
> Task :react-native-maps:processDebugJavaRes NO-SOURCE
> Task :react-native-safe-area-context:generateDebugResValues
> Task :expo-constants:mergeDebugJniLibFolders
> Task :expo-constants:mergeDebugNativeLibs NO-SOURCE
> Task :expo-constants:generateDebugRFile
> Task :expo:generateDebugRFile
> Task :expo-modules-core:generateDebugRFile
> Task :react-native-maps:generateDebugRFile
> Task :react-native-safe-area-context:generateDebugResources
> Task :react-native-maps:mergeDebugJniLibFolders
> Task :expo-constants:stripDebugDebugSymbols NO-SOURCE
> Task :react-native-async-storage_async-storage:packageDebugResources
> Task :expo-constants:copyDebugJniLibsProjectOnly
> Task :expo-constants:copyDebugJniLibsProjectAndLocalJars
> Task :expo:copyDebugJniLibsProjectOnly
> Task :react-native-async-storage_async-storage:extractDeepLinksDebug
> Task :expo:stripDebugDebugSymbols NO-SOURCE
> Task :expo-constants:extractDeepLinksForAarDebug
> Task :expo-constants:prepareDebugArtProfile
> Task :expo:copyDebugJniLibsProjectAndLocalJars
> Task :expo:extractDeepLinksForAarDebug
> Task :expo:prepareDebugArtProfile
> Task :react-native-safe-area-context:packageDebugResources
> Task :react-native-async-storage_async-storage:compileDebugLibraryResources
> Task :expo-constants:prepareLintJarForPublish
> Task :expo:prepareLintJarForPublish

> Task :react-native-async-storage_async-storage:processDebugManifest
package="com.reactnativecommunity.asyncstorage" found in source AndroidManifest.xml: C:\Users\jean antony\Desktop\app\nawi-delivery\node_modules\@react-native-async-storage\async-storage\android\src\main\AndroidManifest.xml.
Setting the namespace via the package attribute in the source AndroidManifest.xml is no longer supported, and the value is ignored.
Recommendation: remove package="com.reactnativecommunity.asyncstorage" from the source AndroidManifest.xml: C:\Users\jean antony\Desktop\app\nawi-delivery\node_modules\@react-native-async-storage\async-storage\android\src\main\AndroidManifest.xml.

> Task :react-native-screens:generateCodegenArtifactsFromSchema
> Task :react-native-screens:preBuild
> Task :react-native-screens:preDebugBuild
> Task :react-native-screens:writeDebugAarMetadata
> Task :react-native-async-storage_async-storage:parseDebugLocalResources
> Task :react-native-async-storage_async-storage:generateDebugBuildConfig
> Task :react-native-screens:generateDebugResValues
> Task :react-native-safe-area-context:extractDeepLinksDebug
> Task :react-native-gesture-handler:generateDebugResources
> Task :react-native-gesture-handler:packageDebugResources
> Task :react-native-screens:generateDebugResources
> Task :react-native-pager-view:generateDebugResValues
> Task :react-native-pager-view:generateDebugResources
> Task :react-native-worklets:prepareWorkletsHeadersForPrefabs
> Task :react-native-worklets:preBuild
> Task :react-native-worklets:preDebugBuild
> Task :react-native-async-storage_async-storage:generateDebugRFile
> Task :react-native-worklets:generateDebugResValues
> Task :react-native-worklets:generateDebugResources
> Task :react-native-pager-view:packageDebugResources
> Task :react-native-gesture-handler:extractDeepLinksDebug
> Task :react-native-pager-view:extractDeepLinksDebug
> Task :react-native-safe-area-context:compileDebugLibraryResources
> Task :react-native-worklets:packageDebugResources
> Task :react-native-async-storage_async-storage:javaPreCompileDebug
> Task :react-native-worklets:extractDeepLinksDebug
> Task :react-native-worklets:writeDebugAarMetadata
> Task :react-native-safe-area-context:parseDebugLocalResources
> Task :react-native-async-storage_async-storage:mergeDebugShaders
> Task :react-native-pager-view:writeDebugAarMetadata

> Task :react-native-safe-area-context:processDebugManifest
package="com.th3rdwave.safeareacontext" found in source AndroidManifest.xml: C:\Users\jean antony\Desktop\app\nawi-delivery\node_modules\react-native-safe-area-context\android\src\main\AndroidManifest.xml.
Setting the namespace via the package attribute in the source AndroidManifest.xml is no longer supported, and the value is ignored.
Recommendation: remove package="com.th3rdwave.safeareacontext" from the source AndroidManifest.xml: C:\Users\jean antony\Desktop\app\nawi-delivery\node_modules\react-native-safe-area-context\android\src\main\AndroidManifest.xml.

> Task :react-native-gesture-handler:compileDebugLibraryResources
> Task :react-native-gesture-handler:processDebugManifest
> Task :react-native-pager-view:compileDebugLibraryResources
> Task :react-native-safe-area-context:generateDebugBuildConfig
> Task :react-native-pager-view:processDebugManifest
> Task :react-native-gesture-handler:parseDebugLocalResources
> Task :react-native-gesture-handler:generateDebugBuildConfig
> Task :react-native-pager-view:parseDebugLocalResources
> Task :react-native-pager-view:generateDebugBuildConfig
> Task :react-native-safe-area-context:javaPreCompileDebug
> Task :react-native-worklets:compileDebugLibraryResources
> Task :react-native-safe-area-context:generateDebugRFile
> Task :react-native-worklets:processDebugManifest
> Task :react-native-safe-area-context:mergeDebugShaders
> Task :react-native-gesture-handler:javaPreCompileDebug
> Task :react-native-worklets:parseDebugLocalResources
> Task :react-native-gesture-handler:generateDebugRFile
> Task :react-native-pager-view:javaPreCompileDebug
> Task :react-native-pager-view:generateDebugRFile
> Task :react-native-gesture-handler:mergeDebugShaders
> Task :react-native-gesture-handler:compileDebugShaders NO-SOURCE
> Task :react-native-gesture-handler:generateDebugAssets UP-TO-DATE
> Task :react-native-pager-view:mergeDebugShaders
> Task :react-native-worklets:generateDebugBuildConfig
> Task :react-native-gesture-handler:mergeDebugAssets
> Task :react-native-worklets:javaPreCompileDebug
> Task :react-native-worklets:generateDebugRFile
> Task :react-native-gesture-handler:mergeDebugJniLibFolders
> Task :react-native-worklets:mergeDebugShaders
> Task :react-native-screens:packageDebugResources
> Task :react-native-gesture-handler:extractDeepLinksForAarDebug
> Task :react-native-gesture-handler:prepareDebugArtProfile
> Task :react-native-screens:extractDeepLinksDebug
> Task :react-native-gesture-handler:prepareLintJarForPublish
> Task :react-native-screens:generateDebugBuildConfig
> Task :react-native-screens:javaPreCompileDebug
> Task :react-native-screens:parseDebugLocalResources
> Task :react-native-reanimated:prepareReanimatedHeadersForPrefabs
> Task :react-native-reanimated:preBuild
> Task :app:preBuild
> Task :app:preDebugBuild
> Task :app:mergeDebugNativeDebugMetadata NO-SOURCE
> Task :react-native-screens:processDebugManifest
> Task :react-native-reanimated:preDebugBuild
> Task :react-native-screens:mergeDebugShaders
> Task :app:generateDebugBuildConfig
> Task :react-native-reanimated:generateDebugResValues
> Task :app:generateDebugResValues
> Task :react-native-reanimated:generateDebugResources
> Task :react-native-reanimated:packageDebugResources
> Task :react-native-reanimated:extractDeepLinksDebug
> Task :app:generateDebugResources
> Task :react-native-reanimated:compileDebugLibraryResources
> Task :react-native-screens:compileDebugShaders NO-SOURCE
> Task :react-native-screens:generateDebugRFile
> Task :react-native-reanimated:processDebugManifest
> Task :react-native-reanimated:generateDebugBuildConfig
> Task :react-native-reanimated:mergeDebugShaders
> Task :react-native-reanimated:compileDebugShaders NO-SOURCE
> Task :react-native-reanimated:generateDebugAssets UP-TO-DATE
> Task :react-native-reanimated:parseDebugLocalResources
> Task :react-native-reanimated:writeDebugAarMetadata
> Task :react-native-reanimated:mergeDebugAssets
> Task :react-native-screens:compileDebugLibraryResources
> Task :react-native-reanimated:processDebugJavaRes NO-SOURCE
> Task :react-native-reanimated:javaPreCompileDebug
> Task :react-native-reanimated:generateDebugRFile
> Task :react-native-reanimated:mergeDebugJniLibFolders
> Task :react-native-reanimated:extractDeepLinksForAarDebug
> Task :react-native-reanimated:prepareDebugArtProfile
> Task :react-native-reanimated:prepareLintJarForPublish
> Task :react-native-reanimated:mergeDebugJavaResource
> Task :react-native-pager-view:compileDebugShaders NO-SOURCE
> Task :react-native-safe-area-context:compileDebugShaders NO-SOURCE
> Task :react-native-safe-area-context:generateDebugAssets UP-TO-DATE
> Task :react-native-pager-view:generateDebugAssets UP-TO-DATE
> Task :react-native-safe-area-context:mergeDebugAssets
> Task :react-native-pager-view:mergeDebugAssets
> Task :react-native-pager-view:mergeDebugJniLibFolders
> Task :react-native-safe-area-context:mergeDebugJniLibFolders
> Task :react-native-safe-area-context:mergeDebugNativeLibs NO-SOURCE
> Task :react-native-pager-view:mergeDebugNativeLibs NO-SOURCE
> Task :react-native-safe-area-context:stripDebugDebugSymbols NO-SOURCE
> Task :react-native-safe-area-context:copyDebugJniLibsProjectOnly
> Task :react-native-pager-view:stripDebugDebugSymbols NO-SOURCE
> Task :react-native-pager-view:copyDebugJniLibsProjectOnly
> Task :react-native-pager-view:copyDebugJniLibsProjectAndLocalJars
> Task :react-native-safe-area-context:copyDebugJniLibsProjectAndLocalJars
> Task :react-native-pager-view:extractDeepLinksForAarDebug
> Task :react-native-safe-area-context:extractDeepLinksForAarDebug
> Task :react-native-pager-view:prepareDebugArtProfile
> Task :react-native-safe-area-context:prepareDebugArtProfile
> Task :react-native-pager-view:prepareLintJarForPublish
> Task :react-native-safe-area-context:prepareLintJarForPublish
> Task :react-native-screens:generateDebugAssets UP-TO-DATE
> Task :react-native-screens:mergeDebugAssets

> Task :react-native-worklets:compileDebugJavaWithJavac

> Task :react-native-pager-view:compileDebugKotlin
w: file:///C:/Users/jean%20antony/Desktop/app/nawi-delivery/node_modules/react-native-pager-view/android/src/main/java/com/reactnativepagerview/PagerViewViewManager.kt:10:8 'object MapBuilder : Any' is deprecated. Use Kotlin's built-in collections extensions.
w: file:///C:/Users/jean%20antony/Desktop/app/nawi-delivery/node_modules/react-native-pager-view/android/src/main/java/com/reactnativepagerview/PagerViewViewManager.kt:41:19 'fun receiveCommand(view: NestedScrollableHost, commandName: String, args: ReadableArray?): Unit' is deprecated. args is not nullable, please update your method signature.
w: file:///C:/Users/jean%20antony/Desktop/app/nawi-delivery/node_modules/react-native-pager-view/android/src/main/java/com/reactnativepagerview/PagerViewViewManager.kt:91:26 The corresponding parameter in the supertype 'PagerViewViewManager' is named 'parent'. This may cause problems when calling this function with named arguments.
w: file:///C:/Users/jean%20antony/Desktop/app/nawi-delivery/node_modules/react-native-pager-view/android/src/main/java/com/reactnativepagerview/PagerViewViewManager.kt:204:16 'object MapBuilder : Any' is deprecated. Use Kotlin's built-in collections extensions.
w: file:///C:/Users/jean%20antony/Desktop/app/nawi-delivery/node_modules/react-native-pager-view/android/src/main/java/com/reactnativepagerview/PagerViewViewManager.kt:205:45 'object MapBuilder : Any' is deprecated. Use Kotlin's built-in collections extensions.
w: file:///C:/Users/jean%20antony/Desktop/app/nawi-delivery/node_modules/react-native-pager-view/android/src/main/java/com/reactnativepagerview/PagerViewViewManager.kt:206:57 'object MapBuilder : Any' is deprecated. Use Kotlin's built-in collections extensions.
w: file:///C:/Users/jean%20antony/Desktop/app/nawi-delivery/node_modules/react-native-pager-view/android/src/main/java/com/reactnativepagerview/PagerViewViewManager.kt:207:47 'object MapBuilder : Any' is deprecated. Use Kotlin's built-in collections extensions.
w: file:///C:/Users/jean%20antony/Desktop/app/nawi-delivery/node_modules/react-native-pager-view/android/src/main/java/com/reactnativepagerview/PagerViewViewPackage.kt:10:18 This declaration overrides a deprecated member but is not marked as deprecated itself. Add the '@Deprecated' annotation or suppress the diagnostic.
w: file:///C:/Users/jean%20antony/Desktop/app/nawi-delivery/node_modules/react-native-pager-view/android/src/main/java/com/reactnativepagerview/event/PageScrollEvent.kt:6:8 'interface RCTEventEmitter : JavaScriptModule' is deprecated. Use [RCTModernEventEmitter] instead.
w: file:///C:/Users/jean%20antony/Desktop/app/nawi-delivery/node_modules/react-native-pager-view/android/src/main/java/com/reactnativepagerview/event/PageScrollEvent.kt:21:82 'constructor<T : Event<T>>(viewTag: Int): Event<T>' is deprecated. Use constructor with explicit surfaceId instead.
w: file:///C:/Users/jean%20antony/Desktop/app/nawi-delivery/node_modules/react-native-pager-view/android/src/main/java/com/reactnativepagerview/event/PageScrollEvent.kt:27:18 This declaration overrides a deprecated member but is not marked as deprecated itself. Add the '@Deprecated' annotation or suppress the diagnostic.
w: file:///C:/Users/jean%20antony/Desktop/app/nawi-delivery/node_modules/react-native-pager-view/android/src/main/java/com/reactnativepagerview/event/PageScrollEvent.kt:27:44 'interface RCTEventEmitter : JavaScriptModule' is deprecated. Use [RCTModernEventEmitter] instead.
w: file:///C:/Users/jean%20antony/Desktop/app/nawi-delivery/node_modules/react-native-pager-view/android/src/main/java/com/reactnativepagerview/event/PageScrollEvent.kt:28:25 'fun receiveEvent(targetTag: Int, eventName: String, params: WritableMap?): Unit' is deprecated. Use [RCTModernEventEmitter.receiveEvent] instead.
w: file:///C:/Users/jean%20antony/Desktop/app/nawi-delivery/node_modules/react-native-pager-view/android/src/main/java/com/reactnativepagerview/event/PageScrollStateChangedEvent.kt:6:8 'interface RCTEventEmitter : JavaScriptModule' is deprecated. Use [RCTModernEventEmitter] instead.
w: file:///C:/Users/jean%20antony/Desktop/app/nawi-delivery/node_modules/react-native-pager-view/android/src/main/java/com/reactnativepagerview/event/PageScrollStateChangedEvent.kt:15:89 'constructor<T : Event<T>>(viewTag: Int): Event<T>' is deprecated. Use constructor with explicit surfaceId instead.
w: file:///C:/Users/jean%20antony/Desktop/app/nawi-delivery/node_modules/react-native-pager-view/android/src/main/java/com/reactnativepagerview/event/PageScrollStateChangedEvent.kt:20:18 This declaration overrides a deprecated member but is not marked as deprecated itself. Add the '@Deprecated' annotation or suppress the diagnostic.
w: file:///C:/Users/jean%20antony/Desktop/app/nawi-delivery/node_modules/react-native-pager-view/android/src/main/java/com/reactnativepagerview/event/PageScrollStateChangedEvent.kt:20:44 'interface RCTEventEmitter : JavaScriptModule' is deprecated. Use [RCTModernEventEmitter] instead.
w: file:///C:/Users/jean%20antony/Desktop/app/nawi-delivery/node_modules/react-native-pager-view/android/src/main/java/com/reactnativepagerview/event/PageScrollStateChangedEvent.kt:21:25 'fun receiveEvent(targetTag: Int, eventName: String, params: WritableMap?): Unit' is deprecated. Use [RCTModernEventEmitter.receiveEvent] instead.
w: file:///C:/Users/jean%20antony/Desktop/app/nawi-delivery/node_modules/react-native-pager-view/android/src/main/java/com/reactnativepagerview/event/PageSelectedEvent.kt:6:8 'interface RCTEventEmitter : JavaScriptModule' is deprecated. Use [RCTModernEventEmitter] instead.
w: file:///C:/Users/jean%20antony/Desktop/app/nawi-delivery/node_modules/react-native-pager-view/android/src/main/java/com/reactnativepagerview/event/PageSelectedEvent.kt:15:69 'constructor<T : Event<T>>(viewTag: Int): Event<T>' is deprecated. Use constructor with explicit surfaceId instead.
w: file:///C:/Users/jean%20antony/Desktop/app/nawi-delivery/node_modules/react-native-pager-view/android/src/main/java/com/reactnativepagerview/event/PageSelectedEvent.kt:24:18 This declaration overrides a deprecated member but is not marked as deprecated itself. Add the '@Deprecated' annotation or suppress the diagnostic.
w: file:///C:/Users/jean%20antony/Desktop/app/nawi-delivery/node_modules/react-native-pager-view/android/src/main/java/com/reactnativepagerview/event/PageSelectedEvent.kt:24:44 'interface RCTEventEmitter : JavaScriptModule' is deprecated. Use [RCTModernEventEmitter] instead.
w: file:///C:/Users/jean%20antony/Desktop/app/nawi-delivery/node_modules/react-native-pager-view/android/src/main/java/com/reactnativepagerview/event/PageSelectedEvent.kt:25:25 'fun receiveEvent(targetTag: Int, eventName: String, params: WritableMap?): Unit' is deprecated. Use [RCTModernEventEmitter.receiveEvent] instead.

> Task :react-native-maps:compileDebugJavaWithJavac

> Task :react-native-safe-area-context:compileDebugKotlin
w: file:///C:/Users/jean%20antony/Desktop/app/nawi-delivery/node_modules/react-native-safe-area-context/android/src/main/java/com/th3rdwave/safeareacontext/SafeAreaView.kt:59:23 'val uiImplementation: UIImplementation!' is deprecated. Deprecated in Java.

> Task :react-native-async-storage_async-storage:compileDebugJavaWithJavac

> Task :react-native-pager-view:compileDebugJavaWithJavac
> Task :react-native-async-storage_async-storage:compileDebugShaders NO-SOURCE
> Task :react-native-async-storage_async-storage:generateDebugAssets UP-TO-DATE
> Task :react-native-worklets:compileDebugShaders NO-SOURCE
> Task :react-native-worklets:generateDebugAssets UP-TO-DATE
> Task :react-native-worklets:mergeDebugAssets
> Task :react-native-async-storage_async-storage:mergeDebugAssets
> Task :react-native-pager-view:processDebugJavaRes
> Task :react-native-async-storage_async-storage:bundleLibCompileToJarDebug
> Task :react-native-async-storage_async-storage:processDebugJavaRes NO-SOURCE
> Task :react-native-async-storage_async-storage:bundleLibRuntimeToJarDebug
> Task :react-native-worklets:bundleLibCompileToJarDebug
> Task :react-native-worklets:processDebugJavaRes NO-SOURCE
> Task :react-native-maps:mergeDebugNativeLibs NO-SOURCE
> Task :react-native-worklets:bundleLibRuntimeToJarDebug
> Task :react-native-pager-view:bundleLibRuntimeToJarDebug
> Task :react-native-pager-view:bundleLibCompileToJarDebug
> Task :react-native-async-storage_async-storage:mergeDebugJniLibFolders
> Task :react-native-maps:bundleLibCompileToJarDebug
> Task :react-native-async-storage_async-storage:mergeDebugNativeLibs NO-SOURCE
> Task :react-native-async-storage_async-storage:copyDebugJniLibsProjectOnly
> Task :react-native-async-storage_async-storage:stripDebugDebugSymbols NO-SOURCE
> Task :react-native-maps:copyDebugJniLibsProjectOnly
> Task :react-native-maps:bundleLibRuntimeToJarDebug
> Task :react-native-pager-view:extractDebugAnnotations
> Task :react-native-maps:stripDebugDebugSymbols NO-SOURCE
> Task :react-native-async-storage_async-storage:extractDebugAnnotations
> Task :react-native-async-storage_async-storage:extractDeepLinksForAarDebug
> Task :react-native-async-storage_async-storage:mergeDebugGeneratedProguardFiles
> Task :react-native-async-storage_async-storage:mergeDebugConsumerProguardFiles
> Task :react-native-async-storage_async-storage:prepareDebugArtProfile
> Task :react-native-async-storage_async-storage:prepareLintJarForPublish
> Task :react-native-async-storage_async-storage:copyDebugJniLibsProjectAndLocalJars
> Task :react-native-maps:extractDebugAnnotations
> Task :react-native-maps:extractDeepLinksForAarDebug
> Task :react-native-safe-area-context:compileDebugJavaWithJavac
> Task :react-native-maps:mergeDebugGeneratedProguardFiles
> Task :react-native-maps:mergeDebugConsumerProguardFiles
> Task :react-native-async-storage_async-storage:mergeDebugJavaResource
> Task :react-native-maps:copyDebugJniLibsProjectAndLocalJars
> Task :react-native-safe-area-context:processDebugJavaRes
> Task :react-native-maps:prepareDebugArtProfile
> Task :react-native-safe-area-context:bundleLibCompileToJarDebug
> Task :react-native-maps:prepareLintJarForPublish
> Task :react-native-pager-view:mergeDebugGeneratedProguardFiles
> Task :react-native-pager-view:mergeDebugConsumerProguardFiles
> Task :react-native-pager-view:mergeDebugJavaResource
> Task :react-native-async-storage_async-storage:syncDebugLibJars
> Task :react-native-pager-view:syncDebugLibJars
> Task :react-native-async-storage_async-storage:bundleDebugAar
> Task :react-native-async-storage_async-storage:assembleDebug
> Task :react-native-pager-view:bundleDebugAar
> Task :react-native-pager-view:assembleDebug
> Task :react-native-maps:mergeDebugJavaResource
> Task :react-native-safe-area-context:extractDebugAnnotations
> Task :react-native-safe-area-context:mergeDebugGeneratedProguardFiles
> Task :react-native-safe-area-context:mergeDebugConsumerProguardFiles
> Task :react-native-safe-area-context:mergeDebugJavaResource
> Task :react-native-safe-area-context:syncDebugLibJars
> Task :react-native-safe-area-context:bundleDebugAar
> Task :react-native-safe-area-context:assembleDebug
> Task :react-native-safe-area-context:bundleLibRuntimeToJarDebug
> Task :react-native-maps:syncDebugLibJars
> Task :react-native-maps:bundleDebugAar
> Task :react-native-maps:assembleDebug

> Task :react-native-reanimated:compileDebugJavaWithJavac

> Task :react-native-reanimated:bundleLibRuntimeToJarDebug
> Task :react-native-reanimated:bundleLibCompileToJarDebug
> Task :react-native-reanimated:extractDebugAnnotations
> Task :react-native-reanimated:mergeDebugGeneratedProguardFiles
> Task :react-native-reanimated:mergeDebugConsumerProguardFiles
> Task :react-native-reanimated:syncDebugLibJars

> Task :react-native-gesture-handler:compileDebugKotlin
w: file:///C:/Users/jean%20antony/Desktop/app/nawi-delivery/node_modules/react-native-gesture-handler/android/src/main/java/com/swmansion/gesturehandler/react/RNGestureHandlerRootView.kt:41:43 The corresponding parameter in the supertype 'ReactViewGroup' is named 'ev'. This may cause problems when calling this function with named arguments.

> Task :react-native-screens:compileDebugKotlin
w: file:///C:/Users/jean%20antony/Desktop/app/nawi-delivery/node_modules/react-native-screens/android/src/main/java/com/swmansion/rnscreens/RNScreensPackage.kt:56:9 The corresponding parameter in the supertype 'BaseReactPackage' is named 'name'. This may cause problems when calling this function with named arguments.
w: file:///C:/Users/jean%20antony/Desktop/app/nawi-delivery/node_modules/react-native-screens/android/src/main/java/com/swmansion/rnscreens/RNScreensPackage.kt:57:9 The corresponding parameter in the supertype 'BaseReactPackage' is named 'reactContext'. This may cause problems when calling this function with named arguments.
w: file:///C:/Users/jean%20antony/Desktop/app/nawi-delivery/node_modules/react-native-screens/android/src/main/java/com/swmansion/rnscreens/RNScreensPackage.kt:70:17 'constructor(name: String, className: String, canOverrideExistingModule: Boolean, needsEagerInit: Boolean, hasConstants: Boolean, isCxxModule: Boolean, isTurboModule: Boolean): ReactModuleInfo' is deprecated. This constructor is deprecated and will be removed in the future. Use ReactModuleInfo(String, String, boolean, boolean, boolean, boolean)].
w: file:///C:/Users/jean%20antony/Desktop/app/nawi-delivery/node_modules/react-native-screens/android/src/main/java/com/swmansion/rnscreens/Screen.kt:48:77 Unchecked cast of '(CoordinatorLayout.Behavior<View!>?..CoordinatorLayout.Behavior<*>?)' to 'BottomSheetBehavior<Screen>'.
w: file:///C:/Users/jean%20antony/Desktop/app/nawi-delivery/node_modules/react-native-screens/android/src/main/java/com/swmansion/rnscreens/Screen.kt:383:36 'fun setTranslucent(screen: Screen, activity: Activity?, context: ReactContext?): Unit' is deprecated. For apps targeting SDK 35 or above this prop has no effect because edge-to-edge is enabled by default and the status bar is always translucent.
w: file:///C:/Users/jean%20antony/Desktop/app/nawi-delivery/node_modules/react-native-screens/android/src/main/java/com/swmansion/rnscreens/Screen.kt:402:36 'fun setColor(screen: Screen, activity: Activity?, context: ReactContext?): Unit' is deprecated. For apps targeting SDK 35 or above this prop has no effect because edge-to-edge is enabled by default and the status bar is always translucent.
w: file:///C:/Users/jean%20antony/Desktop/app/nawi-delivery/node_modules/react-native-screens/android/src/main/java/com/swmansion/rnscreens/Screen.kt:420:36 'fun setNavigationBarColor(screen: Screen, activity: Activity?): Unit' is deprecated. For all apps targeting Android SDK 35 or above edge-to-edge is enabled by default.
w: file:///C:/Users/jean%20antony/Desktop/app/nawi-delivery/node_modules/react-native-screens/android/src/main/java/com/swmansion/rnscreens/Screen.kt:437:36 'fun setNavigationBarTranslucent(screen: Screen, activity: Activity?): Unit' is deprecated. For all apps targeting Android SDK 35 or above edge-to-edge is enabled by default.
w: file:///C:/Users/jean%20antony/Desktop/app/nawi-delivery/node_modules/react-native-screens/android/src/main/java/com/swmansion/rnscreens/ScreenStackFragment.kt:217:31 'var targetElevation: Float' is deprecated. Deprecated in Java.
w: file:///C:/Users/jean%20antony/Desktop/app/nawi-delivery/node_modules/react-native-screens/android/src/main/java/com/swmansion/rnscreens/ScreenStackFragment.kt:220:13 'fun setHasOptionsMenu(p0: Boolean): Unit' is deprecated. Deprecated in Java.
w: file:///C:/Users/jean%20antony/Desktop/app/nawi-delivery/node_modules/react-native-screens/android/src/main/java/com/swmansion/rnscreens/ScreenStackFragment.kt:397:18 This declaration overrides a deprecated member but is not marked as deprecated itself. Add the '@Deprecated' annotation or suppress the diagnostic.
w: file:///C:/Users/jean%20antony/Desktop/app/nawi-delivery/node_modules/react-native-screens/android/src/main/java/com/swmansion/rnscreens/ScreenStackFragment.kt:404:22 'fun onPrepareOptionsMenu(p0: Menu): Unit' is deprecated. Deprecated in Java.
w: file:///C:/Users/jean%20antony/Desktop/app/nawi-delivery/node_modules/react-native-screens/android/src/main/java/com/swmansion/rnscreens/ScreenStackFragment.kt:407:18 This declaration overrides a deprecated member but is not marked as deprecated itself. Add the '@Deprecated' annotation or suppress the diagnostic.
w: file:///C:/Users/jean%20antony/Desktop/app/nawi-delivery/node_modules/react-native-screens/android/src/main/java/com/swmansion/rnscreens/ScreenStackFragment.kt:412:22 'fun onCreateOptionsMenu(p0: Menu, p1: MenuInflater): Unit' is deprecated. Deprecated in Java.
w: file:///C:/Users/jean%20antony/Desktop/app/nawi-delivery/node_modules/react-native-screens/android/src/main/java/com/swmansion/rnscreens/ScreenStackHeaderConfig.kt:435:18 'val reactNativeHost: ReactNativeHost' is deprecated. You should not use ReactNativeHost directly in the New Architecture. Use ReactHost instead.
w: file:///C:/Users/jean%20antony/Desktop/app/nawi-delivery/node_modules/react-native-screens/android/src/main/java/com/swmansion/rnscreens/ScreenViewManager.kt:203:14 'var statusBarColor: Int?' is deprecated. For apps targeting SDK 35 or above this prop has no effect because edge-to-edge is enabled by default and the status bar is always translucent.
w: file:///C:/Users/jean%20antony/Desktop/app/nawi-delivery/node_modules/react-native-screens/android/src/main/java/com/swmansion/rnscreens/ScreenViewManager.kt:220:14 'var isStatusBarTranslucent: Boolean?' is deprecated. For apps targeting SDK 35 or above this prop has no effect because edge-to-edge is enabled by default and the status bar is always translucent.
w: file:///C:/Users/jean%20antony/Desktop/app/nawi-delivery/node_modules/react-native-screens/android/src/main/java/com/swmansion/rnscreens/ScreenViewManager.kt:237:14 'var navigationBarColor: Int?' is deprecated. For all apps targeting Android SDK 35 or above edge-to-edge is enabled by default.
w: file:///C:/Users/jean%20antony/Desktop/app/nawi-delivery/node_modules/react-native-screens/android/src/main/java/com/swmansion/rnscreens/ScreenViewManager.kt:246:14 'var isNavigationBarTranslucent: Boolean?' is deprecated. For all apps targeting Android SDK 35 or above edge-to-edge is enabled by default.
w: file:///C:/Users/jean%20antony/Desktop/app/nawi-delivery/node_modules/react-native-screens/android/src/main/java/com/swmansion/rnscreens/ScreenWindowTraits.kt:55:42 'fun replaceSystemWindowInsets(p0: Int, p1: Int, p2: Int, p3: Int): WindowInsetsCompat' is deprecated. Deprecated in Java.
w: file:///C:/Users/jean%20antony/Desktop/app/nawi-delivery/node_modules/react-native-screens/android/src/main/java/com/swmansion/rnscreens/ScreenWindowTraits.kt:56:39 'val systemWindowInsetLeft: Int' is deprecated. Deprecated in Java.
w: file:///C:/Users/jean%20antony/Desktop/app/nawi-delivery/node_modules/react-native-screens/android/src/main/java/com/swmansion/rnscreens/ScreenWindowTraits.kt:58:39 'val systemWindowInsetRight: Int' is deprecated. Deprecated in Java.
w: file:///C:/Users/jean%20antony/Desktop/app/nawi-delivery/node_modules/react-native-screens/android/src/main/java/com/swmansion/rnscreens/ScreenWindowTraits.kt:59:39 'val systemWindowInsetBottom: Int' is deprecated. Deprecated in Java.
w: file:///C:/Users/jean%20antony/Desktop/app/nawi-delivery/node_modules/react-native-screens/android/src/main/java/com/swmansion/rnscreens/ScreenWindowTraits.kt:106:37 'var statusBarColor: Int?' is deprecated. For apps targeting SDK 35 or above this prop has no effect because edge-to-edge is enabled by default and the status bar is always translucent.
w: file:///C:/Users/jean%20antony/Desktop/app/nawi-delivery/node_modules/react-native-screens/android/src/main/java/com/swmansion/rnscreens/ScreenWindowTraits.kt:162:49 'var isStatusBarTranslucent: Boolean?' is deprecated. For apps targeting SDK 35 or above this prop has no effect because edge-to-edge is enabled by default and the status bar is always translucent.
w: file:///C:/Users/jean%20antony/Desktop/app/nawi-delivery/node_modules/react-native-screens/android/src/main/java/com/swmansion/rnscreens/ScreenWindowTraits.kt:218:43 'var navigationBarColor: Int?' is deprecated. For all apps targeting Android SDK 35 or above edge-to-edge is enabled by default.
w: file:///C:/Users/jean%20antony/Desktop/app/nawi-delivery/node_modules/react-native-screens/android/src/main/java/com/swmansion/rnscreens/ScreenWindowTraits.kt:241:55 'var isNavigationBarTranslucent: Boolean?' is deprecated. For all apps targeting Android SDK 35 or above edge-to-edge is enabled by default.
w: file:///C:/Users/jean%20antony/Desktop/app/nawi-delivery/node_modules/react-native-screens/android/src/main/java/com/swmansion/rnscreens/ScreenWindowTraits.kt:283:13 'fun setColor(screen: Screen, activity: Activity?, context: ReactContext?): Unit' is deprecated. For apps targeting SDK 35 or above this prop has no effect because edge-to-edge is enabled by default and the status bar is always translucent.
w: file:///C:/Users/jean%20antony/Desktop/app/nawi-delivery/node_modules/react-native-screens/android/src/main/java/com/swmansion/rnscreens/ScreenWindowTraits.kt:285:13 'fun setTranslucent(screen: Screen, activity: Activity?, context: ReactContext?): Unit' is deprecated. For apps targeting SDK 35 or above this prop has no effect because edge-to-edge is enabled by default and the status bar is always translucent.
w: file:///C:/Users/jean%20antony/Desktop/app/nawi-delivery/node_modules/react-native-screens/android/src/main/java/com/swmansion/rnscreens/ScreenWindowTraits.kt:289:13 'fun setNavigationBarColor(screen: Screen, activity: Activity?): Unit' is deprecated. For all apps targeting Android SDK 35 or above edge-to-edge is enabled by default.
w: file:///C:/Users/jean%20antony/Desktop/app/nawi-delivery/node_modules/react-native-screens/android/src/main/java/com/swmansion/rnscreens/ScreenWindowTraits.kt:290:13 'fun setNavigationBarTranslucent(screen: Screen, activity: Activity?): Unit' is deprecated. For all apps targeting Android SDK 35 or above edge-to-edge is enabled by default.
w: file:///C:/Users/jean%20antony/Desktop/app/nawi-delivery/node_modules/react-native-screens/android/src/main/java/com/swmansion/rnscreens/ScreenWindowTraits.kt:354:42 'var statusBarColor: Int?' is deprecated. For apps targeting SDK 35 or above this prop has no effect because edge-to-edge is enabled by default and the status bar is always translucent.
w: file:///C:/Users/jean%20antony/Desktop/app/nawi-delivery/node_modules/react-native-screens/android/src/main/java/com/swmansion/rnscreens/ScreenWindowTraits.kt:356:48 'var isStatusBarTranslucent: Boolean?' is deprecated. For apps targeting SDK 35 or above this prop has no effect because edge-to-edge is enabled by default and the status bar is always translucent.
w: file:///C:/Users/jean%20antony/Desktop/app/nawi-delivery/node_modules/react-native-screens/android/src/main/java/com/swmansion/rnscreens/ScreenWindowTraits.kt:359:57 'var navigationBarColor: Int?' is deprecated. For all apps targeting Android SDK 35 or above edge-to-edge is enabled by default.
w: file:///C:/Users/jean%20antony/Desktop/app/nawi-delivery/node_modules/react-native-screens/android/src/main/java/com/swmansion/rnscreens/ScreenWindowTraits.kt:360:63 'var isNavigationBarTranslucent: Boolean?' is deprecated. For all apps targeting Android SDK 35 or above edge-to-edge is enabled by default.
w: file:///C:/Users/jean%20antony/Desktop/app/nawi-delivery/node_modules/react-native-screens/android/src/main/java/com/swmansion/rnscreens/bottomsheet/BottomSheetDialogRootView.kt:7:8 'object ReactFeatureFlags : Any' is deprecated. Use com.facebook.react.internal.featureflags.ReactNativeFeatureFlags instead.
w: file:///C:/Users/jean%20antony/Desktop/app/nawi-delivery/node_modules/react-native-screens/android/src/main/java/com/swmansion/rnscreens/bottomsheet/BottomSheetDialogRootView.kt:25:13 'object ReactFeatureFlags : Any' is deprecated. Use com.facebook.react.internal.featureflags.ReactNativeFeatureFlags instead.
w: file:///C:/Users/jean%20antony/Desktop/app/nawi-delivery/node_modules/react-native-screens/android/src/main/java/com/swmansion/rnscreens/bottomsheet/BottomSheetDialogRootView.kt:32:9 The corresponding parameter in the supertype 'ReactViewGroup' is named 'left'. This may cause problems when calling this function with named arguments.
w: file:///C:/Users/jean%20antony/Desktop/app/nawi-delivery/node_modules/react-native-screens/android/src/main/java/com/swmansion/rnscreens/bottomsheet/BottomSheetDialogRootView.kt:33:9 The corresponding parameter in the supertype 'ReactViewGroup' is named 'top'. This may cause problems when calling this function with named arguments.
w: file:///C:/Users/jean%20antony/Desktop/app/nawi-delivery/node_modules/react-native-screens/android/src/main/java/com/swmansion/rnscreens/bottomsheet/BottomSheetDialogRootView.kt:34:9 The corresponding parameter in the supertype 'ReactViewGroup' is named 'right'. This may cause problems when calling this function with named arguments.
w: file:///C:/Users/jean%20antony/Desktop/app/nawi-delivery/node_modules/react-native-screens/android/src/main/java/com/swmansion/rnscreens/bottomsheet/BottomSheetDialogRootView.kt:35:9 The corresponding parameter in the supertype 'ReactViewGroup' is named 'bottom'. This may cause problems when calling this function with named arguments.
w: file:///C:/Users/jean%20antony/Desktop/app/nawi-delivery/node_modules/react-native-screens/android/src/main/java/com/swmansion/rnscreens/bottomsheet/BottomSheetDialogRootView.kt:71:9 The corresponding parameter in the supertype 'RootView' is named 'childView'. This may cause problems when calling this function with named arguments.
w: file:///C:/Users/jean%20antony/Desktop/app/nawi-delivery/node_modules/react-native-screens/android/src/main/java/com/swmansion/rnscreens/bottomsheet/BottomSheetDialogRootView.kt:72:9 The corresponding parameter in the supertype 'RootView' is named 'ev'. This may cause problems when calling this function with named arguments.
w: file:///C:/Users/jean%20antony/Desktop/app/nawi-delivery/node_modules/react-native-screens/android/src/main/java/com/swmansion/rnscreens/bottomsheet/BottomSheetDialogRootView.kt:79:46 The corresponding parameter in the supertype 'RootView' is named 'ev'. This may cause problems when calling this function with named arguments.
w: file:///C:/Users/jean%20antony/Desktop/app/nawi-delivery/node_modules/react-native-screens/android/src/main/java/com/swmansion/rnscreens/bottomsheet/BottomSheetDialogRootView.kt:83:9 The corresponding parameter in the supertype 'RootView' is named 'childView'. This may cause problems when calling this function with named arguments.
w: file:///C:/Users/jean%20antony/Desktop/app/nawi-delivery/node_modules/react-native-screens/android/src/main/java/com/swmansion/rnscreens/bottomsheet/BottomSheetDialogRootView.kt:84:9 The corresponding parameter in the supertype 'RootView' is named 'ev'. This may cause problems when calling this function with named arguments.
w: file:///C:/Users/jean%20antony/Desktop/app/nawi-delivery/node_modules/react-native-screens/android/src/main/java/com/swmansion/rnscreens/bottomsheet/BottomSheetDialogRootView.kt:95:34 The corresponding parameter in the supertype 'RootView' is named 't'. This may cause problems when calling this function with named arguments.
w: file:///C:/Users/jean%20antony/Desktop/app/nawi-delivery/node_modules/react-native-screens/android/src/main/java/com/swmansion/rnscreens/bottomsheet/DimmingView.kt:63:9 The corresponding parameter in the supertype 'ReactCompoundView' is named 'touchX'. This may cause problems when calling this function with named arguments.
w: file:///C:/Users/jean%20antony/Desktop/app/nawi-delivery/node_modules/react-native-screens/android/src/main/java/com/swmansion/rnscreens/bottomsheet/DimmingView.kt:64:9 The corresponding parameter in the supertype 'ReactCompoundView' is named 'touchY'. This may cause problems when calling this function with named arguments.
w: file:///C:/Users/jean%20antony/Desktop/app/nawi-delivery/node_modules/react-native-screens/android/src/main/java/com/swmansion/rnscreens/bottomsheet/DimmingView.kt:68:9 The corresponding parameter in the supertype 'ReactCompoundViewGroup' is named 'touchX'. This may cause problems when calling this function with named arguments.
w: file:///C:/Users/jean%20antony/Desktop/app/nawi-delivery/node_modules/react-native-screens/android/src/main/java/com/swmansion/rnscreens/bottomsheet/DimmingView.kt:69:9 The corresponding parameter in the supertype 'ReactCompoundViewGroup' is named 'touchY'. This may cause problems when calling this function with named arguments.
w: file:///C:/Users/jean%20antony/Desktop/app/nawi-delivery/node_modules/react-native-screens/android/src/main/java/com/swmansion/rnscreens/gamma/tabs/TabsHostViewManager.kt:37:9 The corresponding parameter in the supertype 'TabsHostViewManager' is named 'view'. This may cause problems when calling this function with named arguments.

> Task :react-native-gesture-handler:compileDebugJavaWithJavac
> Task :react-native-gesture-handler:processDebugJavaRes
> Task :react-native-gesture-handler:bundleLibRuntimeToJarDebug
> Task :react-native-gesture-handler:bundleLibCompileToJarDebug
> Task :react-native-gesture-handler:extractDebugAnnotations
> Task :react-native-gesture-handler:mergeDebugGeneratedProguardFiles
> Task :react-native-gesture-handler:mergeDebugConsumerProguardFiles
> Task :react-native-gesture-handler:mergeDebugJavaResource
> Task :react-native-gesture-handler:syncDebugLibJars
> Task :app:mapDebugSourceSetPaths
> Task :app:checkDebugAarMetadata FAILED

> Task :expo-modules-core:configureCMakeDebug[arm64-v8a] FAILED
C/C++: C:\Users\jean antony\Desktop\app\nawi-delivery\node_modules\expo-modules-core\android\CMakeLists.txt debug|arm64-v8a : com.google.prefab.api.NoMatchingLibraryException: No compatible library found for //ReactAndroid/hermestooling. Rejected the following libraries:

> Task :react-native-screens:configureCMakeDebug[arm64-v8a]
C/C++: C:\Users\jean antony\Desktop\app\nawi-delivery\node_modules\react-native-screens\android\CMakeLists.txt debug|arm64-v8a : com.google.prefab.api.NoMatchingLibraryException: No compatible library found for //ReactAndroid/hermestooling. Rejected the following libraries:

> Task :react-native-screens:configureCMakeDebug[arm64-v8a] FAILED

> Task :react-native-worklets:configureCMakeDebug[arm64-v8a] FAILED
C/C++: C:\Users\jean antony\Desktop\app\nawi-delivery\node_modules\react-native-worklets\android\CMakeLists.txt debug|arm64-v8a : com.google.prefab.api.NoMatchingLibraryException: No compatible library found for //ReactAndroid/hermestooling. Rejected the following libraries:

> Task :app:mergeDebugResources

[Incubating] Problems report is available at: file:///C:/Users/jean%20antony/Desktop/app/nawi-delivery/android/build/reports/problems/problems-report.html

Deprecated Gradle features were used in this build, making it incompatible with Gradle 9.0.

You can use '--warning-mode all' to show the individual deprecation warnings and determine if they come from your own scripts or plugins.

For more on this, please refer to https://docs.gradle.org/8.14.3/userguide/command_line_interface.html#sec:command_line_warnings in the Gradle documentation.
334 actionable tasks: 301 executed, 33 up-to-date
