Note: Some input files use or override a deprecated API.
Note: Recompile with -Xlint:deprecation for details.
Note: C:\Users\jean antony\Desktop\app\nawi-delivery\node_modules\@react-native-async-storage\async-storage\android\src\javaPackage\java\com\reactnativecommunity\asyncstorage\AsyncStoragePackage.java uses unchecked or unsafe operations.
Note: Recompile with -Xlint:unchecked for details.
Note: C:\Users\jean antony\Desktop\app\nawi-delivery\node_modules\react-native-worklets\android\src\main\java\com\swmansion\worklets\WorkletsPackage.java uses unchecked or unsafe operations.
Note: Recompile with -Xlint:unchecked for details.
Note: Some input files use or override a deprecated API.
Note: Recompile with -Xlint:deprecation for details.
Note: Some input files use unchecked or unsafe operations.
Note: Recompile with -Xlint:unchecked for details.

FAILURE: Build completed with 4 failures.

1: Task failed with an exception.
-----------
* What went wrong:
Execution failed for task ':app:checkDebugAarMetadata'.
> A failure occurred while executing com.android.build.gradle.internal.tasks.CheckAarMetadataWorkAction
   > 24 issues were found when checking AAR metadata:
     
       1.  Dependency 'androidx.core:core-splashscreen:1.2.0-alpha02' requires libraries and applications that
           depend on it to compile against version 35 or later of the
           Android APIs.
     
           :app is currently compiled against android-33.
     
           Recommended action: Update this project to use a newer compileSdk
           of at least 35, for example 36.
     
           Note that updating a library or application's compileSdk (which
           allows newer APIs to be used) can be done separately from updating
           targetSdk (which opts the app in to new runtime behavior) and
           minSdk (which determines which devices the app can be installed
           on).
     
       2.  Dependency 'androidx.appcompat:appcompat-resources:1.7.0' requires libraries and applications that
           depend on it to compile against version 34 or later of the
           Android APIs.
     
           :app is currently compiled against android-33.
     
           Recommended action: Update this project to use a newer compileSdk
           of at least 34, for example 36.
     
           Note that updating a library or application's compileSdk (which
           allows newer APIs to be used) can be done separately from updating
           targetSdk (which opts the app in to new runtime behavior) and
           minSdk (which determines which devices the app can be installed
           on).
     
       3.  Dependency 'androidx.appcompat:appcompat:1.7.0' requires libraries and applications that
           depend on it to compile against version 34 or later of the
           Android APIs.
     
           :app is currently compiled against android-33.
     
           Recommended action: Update this project to use a newer compileSdk
           of at least 34, for example 36.
     
           Note that updating a library or application's compileSdk (which
           allows newer APIs to be used) can be done separately from updating
           targetSdk (which opts the app in to new runtime behavior) and
           minSdk (which determines which devices the app can be installed
           on).
     
       4.  Dependency 'androidx.viewpager2:viewpager2:1.1.0' requires libraries and applications that
           depend on it to compile against version 34 or later of the
           Android APIs.
     
           :app is currently compiled against android-33.
     
           Recommended action: Update this project to use a newer compileSdk
           of at least 34, for example 36.
     
           Note that updating a library or application's compileSdk (which
           allows newer APIs to be used) can be done separately from updating
           targetSdk (which opts the app in to new runtime behavior) and
           minSdk (which determines which devices the app can be installed
           on).
     
       5.  Dependency 'androidx.transition:transition:1.5.0' requires libraries and applications that
           depend on it to compile against version 34 or later of the
           Android APIs.
     
           :app is currently compiled against android-33.
     
           Recommended action: Update this project to use a newer compileSdk
           of at least 34, for example 36.
     
           Note that updating a library or application's compileSdk (which
           allows newer APIs to be used) can be done separately from updating
           targetSdk (which opts the app in to new runtime behavior) and
           minSdk (which determines which devices the app can be installed
           on).
     
       6.  Dependency 'androidx.documentfile:documentfile:1.1.0' requires libraries and applications that
           depend on it to compile against version 34 or later of the
           Android APIs.
     
           :app is currently compiled against android-33.
     
           Recommended action: Update this project to use a newer compileSdk
           of at least 34, for example 36.
     
           Note that updating a library or application's compileSdk (which
           allows newer APIs to be used) can be done separately from updating
           targetSdk (which opts the app in to new runtime behavior) and
           minSdk (which determines which devices the app can be installed
           on).
     
       7.  Dependency 'androidx.browser:browser:1.6.0' requires libraries and applications that
           depend on it to compile against version 34 or later of the
           Android APIs.
     
           :app is currently compiled against android-33.
     
           Recommended action: Update this project to use a newer compileSdk
           of at least 34, for example 36.
     
           Note that updating a library or application's compileSdk (which
           allows newer APIs to be used) can be done separately from updating
           targetSdk (which opts the app in to new runtime behavior) and
           minSdk (which determines which devices the app can be installed
           on).
     
       8.  Dependency 'androidx.core:core:1.16.0' requires libraries and applications that
           depend on it to compile against version 35 or later of the
           Android APIs.
     
           :app is currently compiled against android-33.
     
           Recommended action: Update this project to use a newer compileSdk
           of at least 35, for example 36.
     
           Note that updating a library or application's compileSdk (which
           allows newer APIs to be used) can be done separately from updating
           targetSdk (which opts the app in to new runtime behavior) and
           minSdk (which determines which devices the app can be installed
           on).
     
       9.  Dependency 'androidx.activity:activity-ktx:1.10.0' requires libraries and applications that
           depend on it to compile against version 35 or later of the
           Android APIs.
     
           :app is currently compiled against android-33.
     
           Recommended action: Update this project to use a newer compileSdk
           of at least 35, for example 36.
     
           Note that updating a library or application's compileSdk (which
           allows newer APIs to be used) can be done separately from updating
           targetSdk (which opts the app in to new runtime behavior) and
           minSdk (which determines which devices the app can be installed
           on).
     
      10.  Dependency 'androidx.activity:activity:1.10.0' requires libraries and applications that
           depend on it to compile against version 35 or later of the
           Android APIs.
     
           :app is currently compiled against android-33.
     
           Recommended action: Update this project to use a newer compileSdk
           of at least 35, for example 36.
     
           Note that updating a library or application's compileSdk (which
           allows newer APIs to be used) can be done separately from updating
           targetSdk (which opts the app in to new runtime behavior) and
           minSdk (which determines which devices the app can be installed
           on).
     
      11.  Dependency 'androidx.lifecycle:lifecycle-viewmodel-android:2.8.7' requires libraries and applications that
           depend on it to compile against version 34 or later of the
           Android APIs.
     
           :app is currently compiled against android-33.
     
           Recommended action: Update this project to use a newer compileSdk
           of at least 34, for example 36.
     
           Note that updating a library or application's compileSdk (which
           allows newer APIs to be used) can be done separately from updating
           targetSdk (which opts the app in to new runtime behavior) and
           minSdk (which determines which devices the app can be installed
           on).
     
      12.  Dependency 'androidx.lifecycle:lifecycle-runtime-ktx-android:2.8.7' requires libraries and applications that
           depend on it to compile against version 34 or later of the
           Android APIs.
     
           :app is currently compiled against android-33.
     
           Recommended action: Update this project to use a newer compileSdk
           of at least 34, for example 36.
     
           Note that updating a library or application's compileSdk (which
           allows newer APIs to be used) can be done separately from updating
           targetSdk (which opts the app in to new runtime behavior) and
           minSdk (which determines which devices the app can be installed
           on).
     
      13.  Dependency 'androidx.lifecycle:lifecycle-viewmodel-ktx:2.8.7' requires libraries and applications that
           depend on it to compile against version 34 or later of the
           Android APIs.
     
           :app is currently compiled against android-33.
     
           Recommended action: Update this project to use a newer compileSdk
           of at least 34, for example 36.
     
           Note that updating a library or application's compileSdk (which
           allows newer APIs to be used) can be done separately from updating
           targetSdk (which opts the app in to new runtime behavior) and
           minSdk (which determines which devices the app can be installed
           on).
     
      14.  Dependency 'androidx.lifecycle:lifecycle-viewmodel-savedstate:2.8.7' requires libraries and applications that
           depend on it to compile against version 34 or later of the
           Android APIs.
     
           :app is currently compiled against android-33.
     
           Recommended action: Update this project to use a newer compileSdk
           of at least 34, for example 36.
     
           Note that updating a library or application's compileSdk (which
           allows newer APIs to be used) can be done separately from updating
           targetSdk (which opts the app in to new runtime behavior) and
           minSdk (which determines which devices the app can be installed
           on).
     
      15.  Dependency 'androidx.lifecycle:lifecycle-service:2.8.7' requires libraries and applications that
           depend on it to compile against version 34 or later of the
           Android APIs.
     
           :app is currently compiled against android-33.
     
           Recommended action: Update this project to use a newer compileSdk
           of at least 34, for example 36.
     
           Note that updating a library or application's compileSdk (which
           allows newer APIs to be used) can be done separately from updating
           targetSdk (which opts the app in to new runtime behavior) and
           minSdk (which determines which devices the app can be installed
           on).
     
      16.  Dependency 'androidx.lifecycle:lifecycle-process:2.8.7' requires libraries and applications that
           depend on it to compile against version 34 or later of the
           Android APIs.
     
           :app is currently compiled against android-33.
     
           Recommended action: Update this project to use a newer compileSdk
           of at least 34, for example 36.
     
           Note that updating a library or application's compileSdk (which
           allows newer APIs to be used) can be done separately from updating
           targetSdk (which opts the app in to new runtime behavior) and
           minSdk (which determines which devices the app can be installed
           on).
     
      17.  Dependency 'androidx.lifecycle:lifecycle-livedata-core-ktx:2.8.7' requires libraries and applications that
           depend on it to compile against version 34 or later of the
           Android APIs.
     
           :app is currently compiled against android-33.
     
           Recommended action: Update this project to use a newer compileSdk
           of at least 34, for example 36.
     
           Note that updating a library or application's compileSdk (which
           allows newer APIs to be used) can be done separately from updating
           targetSdk (which opts the app in to new runtime behavior) and
           minSdk (which determines which devices the app can be installed
           on).
     
      18.  Dependency 'androidx.lifecycle:lifecycle-livedata-core:2.8.7' requires libraries and applications that
           depend on it to compile against version 34 or later of the
           Android APIs.
     
           :app is currently compiled against android-33.
     
           Recommended action: Update this project to use a newer compileSdk
           of at least 34, for example 36.
     
           Note that updating a library or application's compileSdk (which
           allows newer APIs to be used) can be done separately from updating
           targetSdk (which opts the app in to new runtime behavior) and
           minSdk (which determines which devices the app can be installed
           on).
     
      19.  Dependency 'androidx.lifecycle:lifecycle-livedata:2.8.7' requires libraries and applications that
           depend on it to compile against version 34 or later of the
           Android APIs.
     
           :app is currently compiled against android-33.
     
           Recommended action: Update this project to use a newer compileSdk
           of at least 34, for example 36.
     
           Note that updating a library or application's compileSdk (which
           allows newer APIs to be used) can be done separately from updating
           targetSdk (which opts the app in to new runtime behavior) and
           minSdk (which determines which devices the app can be installed
           on).
     
      20.  Dependency 'androidx.lifecycle:lifecycle-runtime-android:2.8.7' requires libraries and applications that
           depend on it to compile against version 34 or later of the
           Android APIs.
     
           :app is currently compiled against android-33.
     
           Recommended action: Update this project to use a newer compileSdk
           of at least 34, for example 36.
     
           Note that updating a library or application's compileSdk (which
           allows newer APIs to be used) can be done separately from updating
           targetSdk (which opts the app in to new runtime behavior) and
           minSdk (which determines which devices the app can be installed
           on).
     
      21.  Dependency 'androidx.core:core-ktx:1.16.0' requires libraries and applications that
           depend on it to compile against version 35 or later of the
           Android APIs.
     
           :app is currently compiled against android-33.
     
           Recommended action: Update this project to use a newer compileSdk
           of at least 35, for example 36.
     
           Note that updating a library or application's compileSdk (which
           allows newer APIs to be used) can be done separately from updating
           targetSdk (which opts the app in to new runtime behavior) and
           minSdk (which determines which devices the app can be installed
           on).
     
      22.  Dependency 'androidx.profileinstaller:profileinstaller:1.4.1' requires libraries and applications that
           depend on it to compile against version 34 or later of the
           Android APIs.
     
           :app is currently compiled against android-33.
     
           Recommended action: Update this project to use a newer compileSdk
           of at least 34, for example 36.
     
           Note that updating a library or application's compileSdk (which
           allows newer APIs to be used) can be done separately from updating
           targetSdk (which opts the app in to new runtime behavior) and
           minSdk (which determines which devices the app can be installed
           on).
     
      23.  Dependency 'androidx.annotation:annotation-experimental:1.4.1' requires libraries and applications that
           depend on it to compile against version 34 or later of the
           Android APIs.
     
           :app is currently compiled against android-33.
     
           Recommended action: Update this project to use a newer compileSdk
           of at least 34, for example 36.
     
           Note that updating a library or application's compileSdk (which
           allows newer APIs to be used) can be done separately from updating
           targetSdk (which opts the app in to new runtime behavior) and
           minSdk (which determines which devices the app can be installed
           on).
     
      24.  Dependency 'androidx.core:core-viewtree:1.0.0' requires libraries and applications that
           depend on it to compile against version 34 or later of the
           Android APIs.
     
           :app is currently compiled against android-33.
     
           Recommended action: Update this project to use a newer compileSdk
           of at least 34, for example 36.
     
           Note that updating a library or application's compileSdk (which
           allows newer APIs to be used) can be done separately from updating
           targetSdk (which opts the app in to new runtime behavior) and
           minSdk (which determines which devices the app can be installed
           on).

* Try:
> Run with --stacktrace option to get the stack trace.
> Run with --info or --debug option to get more log output.
> Run with --scan to get full insights.
> Get more help at https://help.gradle.org.
==============================================================================

2: Task failed with an exception.
-----------
* What went wrong:
Execution failed for task ':react-native-screens:configureCMakeDebug[arm64-v8a]'.
> [CXX1214] C:\Users\jean antony\Desktop\app\nawi-delivery\node_modules\react-native-screens\android\CMakeLists.txt debug|arm64-v8a : User has minSdkVersion 21 but library was built for 24 [//ReactAndroid/hermestooling]

* Try:
> Run with --stacktrace option to get the stack trace.
> Run with --info or --debug option to get more log output.
> Run with --scan to get full insights.
> Get more help at https://help.gradle.org.
==============================================================================

3: Task failed with an exception.
-----------
* What went wrong:
Execution failed for task ':react-native-worklets:configureCMakeDebug[arm64-v8a]'.
> [CXX1214] C:\Users\jean antony\Desktop\app\nawi-delivery\node_modules\react-native-worklets\android\CMakeLists.txt debug|arm64-v8a : User has minSdkVersion 21 but library was built for 24 [//ReactAndroid/hermestooling]

* Try:
> Run with --stacktrace option to get the stack trace.
> Run with --info or --debug option to get more log output.
> Run with --scan to get full insights.
> Get more help at https://help.gradle.org.
==============================================================================

4: Task failed with an exception.
-----------
* What went wrong:
Execution failed for task ':expo-modules-core:configureCMakeDebug[arm64-v8a]'.
> [CXX1214] C:\Users\jean antony\Desktop\app\nawi-delivery\node_modules\expo-modules-core\android\CMakeLists.txt debug|arm64-v8a : User has minSdkVersion 21 but library was built for 24 [//ReactAndroid/hermestooling]

* Try:
> Run with --stacktrace option to get the stack trace.
> Run with --info or --debug option to get more log output.
> Run with --scan to get full insights.
> Get more help at https://help.gradle.org.
==============================================================================

BUILD FAILED in 20s
